#
# A fatal error has been detected by the Java Runtime Environment:
#
#  EXCEPTION_ACCESS_VIOLATION (0xc0000005) at pc=0x00007ff8734fd266, pid=6432, tid=540
#
# JRE version: OpenJDK Runtime Environment (11.0.11+9) (build 11.0.11+9-b60-7590822)
# Java VM: OpenJDK 64-Bit Server VM (11.0.11+9-b60-7590822, mixed mode, tiered, compressed oops, g1 gc, windows-amd64)
# Problematic frame:
# V  [jvm.dll+0x18d266]
#
# No core dump will be written. Minidumps are not enabled by default on client versions of Windows
#
# If you would like to submit a bug report, please visit:
#   https://bugreport.java.com/bugreport/crash.jsp
#

---------------  S U M M A R Y ------------

Command Line: --add-opens=java.base/java.util=ALL-UNNAMED --add-opens=java.base/java.lang=ALL-UNNAMED --add-opens=java.base/java.lang.invoke=ALL-UNNAMED --add-opens=java.base/java.util=ALL-UNNAMED --add-opens=java.prefs/java.util.prefs=ALL-UNNAMED --add-opens=java.prefs/java.util.prefs=ALL-UNNAMED --add-opens=java.base/java.nio.charset=ALL-UNNAMED --add-opens=java.base/java.net=ALL-UNNAMED --add-opens=java.base/java.util.concurrent.atomic=ALL-UNNAMED -Xmx2048m -Dfile.encoding=UTF-8 -Duser.country=US -Duser.language=en -Duser.variant org.gradle.launcher.daemon.bootstrap.GradleDaemon 7.2

Host: Intel(R) Core(TM) i7-7700HQ CPU @ 2.80GHz, 8 cores, 7G,  Windows 10 , 64 bit Build 19041 (10.0.19041.1503)
Time: Sun Mar 13 20:22:41 2022 SE Asia Standard Time elapsed time: 12.451639 seconds (0d 0h 0m 12s)

---------------  T H R E A D  ---------------

Current thread (0x00000235633c9000):  ConcurrentGCThread "G1 Conc#0" [stack: 0x000000b509900000,0x000000b509a00000] [id=540]

Stack: [0x000000b509900000,0x000000b509a00000],  sp=0x000000b5099ff7a8,  free space=1021k
Native frames: (J=compiled Java code, j=interpreted, Vv=VM code, C=native code)
V  [jvm.dll+0x18d266]


siginfo: EXCEPTION_ACCESS_VIOLATION (0xc0000005), reading address 0x0000000000000090


Register to memory mapping:

RIP=0x00007ff8734fd266 jvm.dll
RAX=0x0410000100000001 is an unknown value
RBX=0x0000000080f8c048 is pointing into object: [B 
{0x0000000080f8c008} - klass: {type array byte}
 - length: 50
RCX=0x0000000080f8c048 is pointing into object: [B 
{0x0000000080f8c008} - klass: {type array byte}
 - length: 50
RDX=0x0000000080f8c048 is pointing into object: [B 
{0x0000000080f8c008} - klass: {type array byte}
 - length: 50
RSP=0x000000b5099ff7a8 points into unknown readable memory: 0x00007ff87364b2fa | fa b2 64 73 f8 7f 00 00
RBP=0x00000235633bf5f0 points into unknown readable memory: 0x00000235633c8000 | 00 80 3c 63 35 02 00 00
RSI=0x0000000000000001 is an unknown value
RDI=0x0 is NULL
R8 =0x0410000100000002 is an unknown value
R9 =0x0000000000000088 is an unknown value
R10=0x00000235633bf5f0 points into unknown readable memory: 0x00000235633c8000 | 00 80 3c 63 35 02 00 00
R11=0x000002357acf0000 points into unknown readable memory: 0x0000000000000001 | 01 00 00 00 00 00 00 00
R12=0x000000000000000c is an unknown value
R13=0xaaaaaaaaaaaaaaab is an unknown value
R14=0x0 is NULL
R15=0x0000000080fd68e0 is an oop: org.gradle.internal.concurrent.DefaultExecutorFactory$TrackedManagedExecutor 
{0x0000000080fd68e0} - klass: 'org/gradle/internal/concurrent/DefaultExecutorFactory$TrackedManagedExecutor'


Registers:
RAX=0x0410000100000001, RBX=0x0000000080f8c048, RCX=0x0000000080f8c048, RDX=0x0000000080f8c048
RSP=0x000000b5099ff7a8, RBP=0x00000235633bf5f0, RSI=0x0000000000000001, RDI=0x0000000000000000
R8 =0x0410000100000002, R9 =0x0000000000000088, R10=0x00000235633bf5f0, R11=0x000002357acf0000
R12=0x000000000000000c, R13=0xaaaaaaaaaaaaaaab, R14=0x0000000000000000, R15=0x0000000080fd68e0
RIP=0x00007ff8734fd266, EFLAGS=0x0000000000010206

Top of Stack: (sp=0x000000b5099ff7a8)
0x000000b5099ff7a8:   00007ff87364b2fa 0000000080f8c048
0x000000b5099ff7b8:   00000001001d11a0 00000235633cc0f0
0x000000b5099ff7c8:   000000b5099ff9b8 00000001001d11a8
0x000000b5099ff7d8:   00007ff87364b1a6 00000001001d11a0
0x000000b5099ff7e8:   0000000080f8c048 00000235633cc0f0
0x000000b5099ff7f8:   000000b5099ff9b8 0000000000000000
0x000000b5099ff808:   0000000080fc732c 0000000080fd6900
0x000000b5099ff818:   00007ff87364303d 0000000000000004
0x000000b5099ff828:   0000000080fd68ec 0000000000000004
0x000000b5099ff838:   000000b5099ff9b8 000000b5099ff990
0x000000b5099ff848:   00000235633c9a01 00000001001d0e08
0x000000b5099ff858:   00007ff8736428f1 0000000000000004
0x000000b5099ff868:   000000b5099ff9b8 0000000080fd68e0
0x000000b5099ff878:   000000b5099ff990 0000000080fd68e0
0x000000b5099ff888:   00007ff873650cdf 00000235633cc0f0
0x000000b5099ff898:   0000000000200000 000000b5099ff990 

Instructions: (pc=0x00007ff8734fd266)
0x00007ff8734fd166:   82 00 48 d3 e0 48 03 05 1e 6b 82 00 eb 04 48 8b
0x00007ff8734fd176:   43 08 81 78 08 00 00 00 c0 73 7d 48 8b 4f 38 48
0x00007ff8734fd186:   8b d3 48 8b 01 ff 50 20 84 c0 75 6c 38 05 e0 f6
0x00007ff8734fd196:   86 00 74 15 8b 53 08 8b 0d f5 6a 82 00 48 d3 e2
0x00007ff8734fd1a6:   48 03 15 e3 6a 82 00 eb 04 48 8b 53 08 48 8b cb
0x00007ff8734fd1b6:   48 89 5c 24 20 e8 a0 00 00 00 80 7f 30 00 48 63
0x00007ff8734fd1c6:   c8 48 89 4c 24 28 0f 28 44 24 20 74 17 0f 11 86
0x00007ff8734fd1d6:   98 03 00 00 48 8b 5c 24 40 48 8b 74 24 48 48 83
0x00007ff8734fd1e6:   c4 30 5f c3 48 8b 07 48 8d 54 24 20 48 8b cf 66
0x00007ff8734fd1f6:   0f 7f 44 24 20 ff 50 38 48 8b 5c 24 40 48 8b 74
0x00007ff8734fd206:   24 48 48 83 c4 30 5f c3 cc cc 48 8b 49 38 48 8b
0x00007ff8734fd216:   01 48 ff 60 28 cc cc cc cc cc 80 3d 51 f6 86 00
0x00007ff8734fd226:   00 48 8b c1 74 1b 8b 51 08 8b 0d 63 6a 82 00 48
0x00007ff8734fd236:   d3 e2 48 8b c8 48 03 15 4e 6a 82 00 e9 19 00 00
0x00007ff8734fd246:   00 48 8b 51 08 48 8b c8 e9 0d 00 00 00 cc cc cc
0x00007ff8734fd256:   cc cc cc cc cc cc cc cc cc cc 4c 8b ca 48 8b d1
0x00007ff8734fd266:   45 8b 41 08 45 85 c0 7e 0e 41 f6 c0 01 75 59 41
0x00007ff8734fd276:   c1 f8 03 41 8b c0 c3 79 4f 80 3d f2 f5 86 00 00
0x00007ff8734fd286:   b8 0c 00 00 00 b9 10 00 00 00 0f 45 c8 8b 05 2b
0x00007ff8734fd296:   b4 80 00 ff c8 4c 63 c8 48 63 c1 41 8b c8 83 e1
0x00007ff8734fd2a6:   3f 48 63 14 10 41 8b c0 48 c1 f8 10 0f b6 c0 48
0x00007ff8734fd2b6:   d3 e2 49 8d 0c 11 49 f7 d1 48 03 c1 49 c1 e9 03
0x00007ff8734fd2c6:   48 c1 e8 03 41 23 c1 c3 49 8b 01 49 8b c9 48 ff
0x00007ff8734fd2d6:   a0 10 01 00 00 cc cc cc cc cc 48 83 ec 38 0f 10
0x00007ff8734fd2e6:   02 48 8b 49 38 48 8d 54 24 20 0f 29 44 24 20 e8
0x00007ff8734fd2f6:   66 f0 ff ff 48 83 c4 38 c3 cc 48 89 5c 24 08 55
0x00007ff8734fd306:   56 57 41 54 41 55 41 56 41 57 48 8d 6c 24 e0 48
0x00007ff8734fd316:   81 ec 20 01 00 00 48 8b 05 1d ef 83 00 48 33 c4
0x00007ff8734fd326:   48 89 45 10 48 8b 05 5f 60 86 00 45 33 ed 4c 8b
0x00007ff8734fd336:   b5 80 00 00 00 4c 8b fa 48 8b bd 88 00 00 00 4d
0x00007ff8734fd346:   8b c6 49 8b d6 49 8b f1 48 8b 48 38 48 8b 59 48
0x00007ff8734fd356:   49 8b cf c7 45 c0 ff ff ff ff 44 89 6d d4 4c 89 


Stack slot to memory mapping:
stack at sp + 0 slots: 0x00007ff87364b2fa jvm.dll
stack at sp + 1 slots: 0x0000000080f8c048 is pointing into object: [B 
{0x0000000080f8c008} - klass: {type array byte}
 - length: 50
stack at sp + 2 slots: 0x00000001001d11a0 is pointing into metadata
stack at sp + 3 slots: 0x00000235633cc0f0 points into unknown readable memory: 0x00007ff873b93050 | 50 30 b9 73 f8 7f 00 00
stack at sp + 4 slots: 0x000000b5099ff9b8 points into unknown readable memory: 0x00007ff873b92fd0 | d0 2f b9 73 f8 7f 00 00
stack at sp + 5 slots: 0x00000001001d11a8 is a pointer to class: 
org.gradle.initialization.DefaultBuildCancellationToken {0x00000001001d11b0}
stack at sp + 6 slots: 0x00007ff87364b1a6 jvm.dll
stack at sp + 7 slots: 0x00000001001d11a0 is pointing into metadata


---------------  P R O C E S S  ---------------

Threads class SMR info:
_java_thread_list=0x0000023503238fc0, length=121, elements={
0x000002356337a800, 0x000002357f7bc000, 0x000002357f7c1800, 0x0000023500143800,
0x000002357f7da000, 0x000002357f7dc000, 0x000002357f7e1800, 0x000002357f7e3000,
0x000002357f7ea000, 0x00000235002a0800, 0x000002350158e000, 0x0000023503256000,
0x0000023503250000, 0x0000023503251000, 0x0000023503256800, 0x0000023503253800,
0x0000023503255000, 0x0000023503251800, 0x0000023503254000, 0x0000023503252800,
0x0000023502b15800, 0x0000023502b17000, 0x0000023502b16000, 0x0000023502b1a000,
0x0000023502b17800, 0x0000023502b1d800, 0x0000023502b1b000, 0x0000023502b1c000,
0x0000023502b1c800, 0x0000023502b1e000, 0x0000023502b1f000, 0x0000023502b19800,
0x0000023502b21800, 0x0000023502b23000, 0x0000023502b22800, 0x0000023502b24000,
0x0000023507366800, 0x0000023507366000, 0x0000023507367800, 0x000002350736a000,
0x0000023507368000, 0x0000023507369000, 0x0000023507364000, 0x000002350736a800,
0x0000023507365000, 0x0000023507371000, 0x000002350736e000, 0x000002350736d000,
0x000002350736f000, 0x0000023507370800, 0x000002350736f800, 0x000002350736b800,
0x0000023507372000, 0x000002350736c800, 0x0000023507373000, 0x00000235056fe000,
0x00000235056ff800, 0x0000023505703000, 0x0000023505700800, 0x00000235056fd000,
0x00000235056ff000, 0x0000023505703800, 0x0000023505706000, 0x0000023505704800,
0x0000023505707000, 0x0000023505702000, 0x0000023505705800, 0x0000023505701800,
0x000002350570b000, 0x0000023505708000, 0x000002350570c000, 0x0000023505708800,
0x0000023505709800, 0x000002350570a000, 0x0000023501b74800, 0x0000023501b75800,
0x0000023501b73000, 0x0000023501b77800, 0x0000023501b78800, 0x0000023501b76000,
0x0000023501b73800, 0x0000023501b7c000, 0x0000023501b7b000, 0x0000023501b77000,
0x0000023501b7a000, 0x0000023501b7f000, 0x0000023501b7c800, 0x0000023501b7d800,
0x0000023501b7e000, 0x0000023501b79800, 0x0000023501b80000, 0x0000023501b80800,
0x0000023501b81800, 0x0000023501700800, 0x0000023501701800, 0x00000235016ff800,
0x0000023501702000, 0x0000023501703000, 0x00000235016ff000, 0x00000235016fd800,
0x0000023501704000, 0x00000235016fe000, 0x0000023501707000, 0x0000023501708800,
0x0000023501704800, 0x000002350170a800, 0x0000023501708000, 0x0000023501706000,
0x000002350170b000, 0x0000023501705800, 0x000002350170c000, 0x0000023501709800,
0x0000023503229000, 0x000002350322c800, 0x000002350322d000, 0x000002350322a000,
0x000002350322e000, 0x000002350322a800, 0x000002350322e800, 0x0000023503230800,
0x000002350322f800
}

Java Threads: ( => current thread )
  0x000002356337a800 JavaThread "main" [_thread_blocked, id=12904, stack(0x000000b509600000,0x000000b509700000)]
  0x000002357f7bc000 JavaThread "Reference Handler" daemon [_thread_blocked, id=13844, stack(0x000000b509d00000,0x000000b509e00000)]
  0x000002357f7c1800 JavaThread "Finalizer" daemon [_thread_blocked, id=13832, stack(0x000000b509e00000,0x000000b509f00000)]
  0x0000023500143800 JavaThread "Signal Dispatcher" daemon [_thread_blocked, id=6584, stack(0x000000b509f00000,0x000000b50a000000)]
  0x000002357f7da000 JavaThread "Attach Listener" daemon [_thread_blocked, id=12984, stack(0x000000b50a000000,0x000000b50a100000)]
  0x000002357f7dc000 JavaThread "Service Thread" daemon [_thread_blocked, id=13128, stack(0x000000b50a100000,0x000000b50a200000)]
  0x000002357f7e1800 JavaThread "C2 CompilerThread0" daemon [_thread_blocked, id=13188, stack(0x000000b50a200000,0x000000b50a300000)]
  0x000002357f7e3000 JavaThread "C1 CompilerThread0" daemon [_thread_blocked, id=13228, stack(0x000000b50a300000,0x000000b50a400000)]
  0x000002357f7ea000 JavaThread "Sweeper thread" daemon [_thread_blocked, id=13212, stack(0x000000b50a400000,0x000000b50a500000)]
  0x00000235002a0800 JavaThread "Common-Cleaner" daemon [_thread_blocked, id=12692, stack(0x000000b50a500000,0x000000b50a600000)]
  0x000002350158e000 JavaThread "Daemon health stats" [_thread_blocked, id=12880, stack(0x000000b50ab00000,0x000000b50ac00000)]
  0x0000023503256000 JavaThread "Incoming local TCP Connector on port 58463" [_thread_in_native, id=14008, stack(0x000000b50a700000,0x000000b50a800000)]
  0x0000023503250000 JavaThread "Daemon periodic checks" [_thread_blocked, id=14020, stack(0x000000b50a800000,0x000000b50a900000)]
  0x0000023503251000 JavaThread "Daemon" [_thread_blocked, id=13828, stack(0x000000b50ac00000,0x000000b50ad00000)]
  0x0000023503256800 JavaThread "Handler for socket connection from /127.0.0.1:58463 to /127.0.0.1:58464" [_thread_in_native, id=13840, stack(0x000000b50ad00000,0x000000b50ae00000)]
  0x0000023503253800 JavaThread "Cancel handler" [_thread_blocked, id=14012, stack(0x000000b50ae00000,0x000000b50af00000)]
  0x0000023503255000 JavaThread "Daemon worker" [_thread_blocked, id=14016, stack(0x000000b50af00000,0x000000b50b000000)]
  0x0000023503251800 JavaThread "Asynchronous log dispatcher for DefaultDaemonConnection: socket connection from /127.0.0.1:58463 to /127.0.0.1:58464" [_thread_blocked, id=14000, stack(0x000000b50b000000,0x000000b50b100000)]
  0x0000023503254000 JavaThread "Stdin handler" [_thread_blocked, id=13992, stack(0x000000b50b100000,0x000000b50b200000)]
  0x0000023503252800 JavaThread "Daemon client event forwarder" [_thread_blocked, id=14024, stack(0x000000b50b200000,0x000000b50b300000)]
  0x0000023502b15800 JavaThread "Cache worker for journal cache (C:\Users\ASUS\.gradle\caches\journal-1)" [_thread_blocked, id=2288, stack(0x000000b50b800000,0x000000b50b900000)]
  0x0000023502b17000 JavaThread "File lock request listener" [_thread_in_native, id=15176, stack(0x000000b50b900000,0x000000b50ba00000)]
  0x0000023502b16000 JavaThread "Cache worker for file hash cache (C:\Users\ASUS\.gradle\caches\7.2\fileHashes)" [_thread_blocked, id=13784, stack(0x000000b50ba00000,0x000000b50bb00000)]
  0x0000023502b1a000 JavaThread "Cache worker for file hash cache (C:\Users\ASUS\AndroidStudioProjects\SyahrulMaghrisya1187070084\.gradle\7.2\fileHashes)" [_thread_blocked, id=14448, stack(0x000000b50bd00000,0x000000b50be00000)]
  0x0000023502b17800 JavaThread "File watcher server" daemon [_thread_in_native, id=13396, stack(0x000000b50be00000,0x000000b50bf00000)]
  0x0000023502b1d800 JavaThread "File watcher consumer" daemon [_thread_blocked, id=13372, stack(0x000000b50bf00000,0x000000b50c000000)]
  0x0000023502b1b000 JavaThread "Cache worker for checksums cache (C:\Users\ASUS\AndroidStudioProjects\SyahrulMaghrisya1187070084\.gradle\checksums)" [_thread_blocked, id=13248, stack(0x000000b50c000000,0x000000b50c100000)]
  0x0000023502b1c000 JavaThread "Cache worker for cache directory md-supplier (C:\Users\ASUS\.gradle\caches\7.2\md-supplier)" [_thread_blocked, id=13408, stack(0x000000b50c100000,0x000000b50c200000)]
  0x0000023502b1c800 JavaThread "Cache worker for cache directory md-rule (C:\Users\ASUS\.gradle\caches\7.2\md-rule)" [_thread_blocked, id=13412, stack(0x000000b50c200000,0x000000b50c300000)]
  0x0000023502b1e000 JavaThread "Cache worker for execution history cache (C:\Users\ASUS\.gradle\caches\7.2\executionHistory)" [_thread_blocked, id=13788, stack(0x000000b50c400000,0x000000b50c500000)]
  0x0000023502b1f000 JavaThread "jar transforms" [_thread_blocked, id=10128, stack(0x000000b50c300000,0x000000b50c400000)]
  0x0000023502b19800 JavaThread "Cache worker for file content cache (C:\Users\ASUS\.gradle\caches\7.2\fileContent)" [_thread_blocked, id=6212, stack(0x000000b50c500000,0x000000b50c600000)]
  0x0000023502b21800 JavaThread "jar transforms Thread 2" [_thread_blocked, id=10444, stack(0x000000b50c600000,0x000000b50c700000)]
  0x0000023502b23000 JavaThread "Cache worker for dependencies-accessors (C:\Users\ASUS\AndroidStudioProjects\SyahrulMaghrisya1187070084\.gradle\7.2\dependencies-accessors)" [_thread_blocked, id=8700, stack(0x000000b50c700000,0x000000b50c800000)]
  0x0000023502b22800 JavaThread "jar transforms Thread 3" [_thread_blocked, id=14904, stack(0x000000b50c900000,0x000000b50ca00000)]
  0x0000023502b24000 JavaThread "Cache worker for Build Output Cleanup Cache (C:\Users\ASUS\AndroidStudioProjects\SyahrulMaghrisya1187070084\.gradle\buildOutputCleanup)" [_thread_blocked, id=3752, stack(0x000000b50c800000,0x000000b50c900000)]
  0x0000023507366800 JavaThread "Unconstrained build operations" [_thread_blocked, id=2468, stack(0x000000b50bc00000,0x000000b50bd00000)]
  0x0000023507366000 JavaThread "Unconstrained build operations Thread 2" [_thread_blocked, id=8704, stack(0x000000b50ca00000,0x000000b50cb00000)]
  0x0000023507367800 JavaThread "Unconstrained build operations Thread 3" [_thread_blocked, id=12584, stack(0x000000b50cb00000,0x000000b50cc00000)]
  0x000002350736a000 JavaThread "Unconstrained build operations Thread 4" [_thread_blocked, id=12400, stack(0x000000b50cc00000,0x000000b50cd00000)]
  0x0000023507368000 JavaThread "Unconstrained build operations Thread 5" [_thread_blocked, id=9436, stack(0x000000b50cd00000,0x000000b50ce00000)]
  0x0000023507369000 JavaThread "Unconstrained build operations Thread 6" [_thread_blocked, id=8860, stack(0x000000b50ce00000,0x000000b50cf00000)]
  0x0000023507364000 JavaThread "Unconstrained build operations Thread 7" [_thread_blocked, id=3244, stack(0x000000b50cf00000,0x000000b50d000000)]
  0x000002350736a800 JavaThread "Unconstrained build operations Thread 8" [_thread_blocked, id=12488, stack(0x000000b50d000000,0x000000b50d100000)]
  0x0000023507365000 JavaThread "Unconstrained build operations Thread 9" [_thread_blocked, id=15024, stack(0x000000b50d100000,0x000000b50d200000)]
  0x0000023507371000 JavaThread "Unconstrained build operations Thread 10" [_thread_blocked, id=11364, stack(0x000000b50d200000,0x000000b50d300000)]
  0x000002350736e000 JavaThread "Unconstrained build operations Thread 11" [_thread_blocked, id=9468, stack(0x000000b50d300000,0x000000b50d400000)]
  0x000002350736d000 JavaThread "Unconstrained build operations Thread 12" [_thread_blocked, id=14700, stack(0x000000b50d400000,0x000000b50d500000)]
  0x000002350736f000 JavaThread "Unconstrained build operations Thread 13" [_thread_blocked, id=2420, stack(0x000000b50d500000,0x000000b50d600000)]
  0x0000023507370800 JavaThread "Unconstrained build operations Thread 14" [_thread_blocked, id=468, stack(0x000000b50d600000,0x000000b50d700000)]
  0x000002350736f800 JavaThread "Unconstrained build operations Thread 15" [_thread_blocked, id=7752, stack(0x000000b50d700000,0x000000b50d800000)]
  0x000002350736b800 JavaThread "Unconstrained build operations Thread 16" [_thread_blocked, id=11428, stack(0x000000b50d800000,0x000000b50d900000)]
  0x0000023507372000 JavaThread "Unconstrained build operations Thread 17" [_thread_blocked, id=10532, stack(0x000000b50d900000,0x000000b50da00000)]
  0x000002350736c800 JavaThread "Unconstrained build operations Thread 18" [_thread_blocked, id=11348, stack(0x000000b50da00000,0x000000b50db00000)]
  0x0000023507373000 JavaThread "Unconstrained build operations Thread 19" [_thread_blocked, id=148, stack(0x000000b50db00000,0x000000b50dc00000)]
  0x00000235056fe000 JavaThread "Unconstrained build operations Thread 20" [_thread_blocked, id=11468, stack(0x000000b50dc00000,0x000000b50dd00000)]
  0x00000235056ff800 JavaThread "Unconstrained build operations Thread 21" [_thread_blocked, id=8628, stack(0x000000b50dd00000,0x000000b50de00000)]
  0x0000023505703000 JavaThread "Unconstrained build operations Thread 22" [_thread_blocked, id=11964, stack(0x000000b50de00000,0x000000b50df00000)]
  0x0000023505700800 JavaThread "Unconstrained build operations Thread 23" [_thread_blocked, id=3372, stack(0x000000b50df00000,0x000000b50e000000)]
  0x00000235056fd000 JavaThread "Unconstrained build operations Thread 24" [_thread_blocked, id=10516, stack(0x000000b50e000000,0x000000b50e100000)]
  0x00000235056ff000 JavaThread "Unconstrained build operations Thread 25" [_thread_blocked, id=4840, stack(0x000000b50e100000,0x000000b50e200000)]
  0x0000023505703800 JavaThread "Unconstrained build operations Thread 26" [_thread_blocked, id=12608, stack(0x000000b50e200000,0x000000b50e300000)]
  0x0000023505706000 JavaThread "Unconstrained build operations Thread 27" [_thread_blocked, id=6264, stack(0x000000b50e300000,0x000000b50e400000)]
  0x0000023505704800 JavaThread "Unconstrained build operations Thread 28" [_thread_blocked, id=10012, stack(0x000000b50e400000,0x000000b50e500000)]
  0x0000023505707000 JavaThread "Unconstrained build operations Thread 29" [_thread_blocked, id=14180, stack(0x000000b50e500000,0x000000b50e600000)]
  0x0000023505702000 JavaThread "Unconstrained build operations Thread 30" [_thread_blocked, id=9788, stack(0x000000b50e600000,0x000000b50e700000)]
  0x0000023505705800 JavaThread "Unconstrained build operations Thread 31" [_thread_blocked, id=2168, stack(0x000000b50e700000,0x000000b50e800000)]
  0x0000023505701800 JavaThread "Unconstrained build operations Thread 32" [_thread_blocked, id=10448, stack(0x000000b50e800000,0x000000b50e900000)]
  0x000002350570b000 JavaThread "Unconstrained build operations Thread 33" [_thread_blocked, id=14736, stack(0x000000b50e900000,0x000000b50ea00000)]
  0x0000023505708000 JavaThread "Unconstrained build operations Thread 34" [_thread_blocked, id=12840, stack(0x000000b50ea00000,0x000000b50eb00000)]
  0x000002350570c000 JavaThread "Unconstrained build operations Thread 35" [_thread_blocked, id=15004, stack(0x000000b50eb00000,0x000000b50ec00000)]
  0x0000023505708800 JavaThread "Unconstrained build operations Thread 36" [_thread_blocked, id=8748, stack(0x000000b50ec00000,0x000000b50ed00000)]
  0x0000023505709800 JavaThread "Unconstrained build operations Thread 37" [_thread_blocked, id=10964, stack(0x000000b50ed00000,0x000000b50ee00000)]
  0x000002350570a000 JavaThread "Unconstrained build operations Thread 38" [_thread_blocked, id=3288, stack(0x000000b50ee00000,0x000000b50ef00000)]
  0x0000023501b74800 JavaThread "Unconstrained build operations Thread 39" [_thread_blocked, id=12920, stack(0x000000b50ef00000,0x000000b50f000000)]
  0x0000023501b75800 JavaThread "Unconstrained build operations Thread 40" [_thread_blocked, id=13168, stack(0x000000b50f000000,0x000000b50f100000)]
  0x0000023501b73000 JavaThread "Unconstrained build operations Thread 41" [_thread_blocked, id=14244, stack(0x000000b50f100000,0x000000b50f200000)]
  0x0000023501b77800 JavaThread "Unconstrained build operations Thread 42" [_thread_blocked, id=13456, stack(0x000000b50f200000,0x000000b50f300000)]
  0x0000023501b78800 JavaThread "Unconstrained build operations Thread 43" [_thread_blocked, id=10800, stack(0x000000b50f300000,0x000000b50f400000)]
  0x0000023501b76000 JavaThread "Unconstrained build operations Thread 44" [_thread_blocked, id=6448, stack(0x000000b50f400000,0x000000b50f500000)]
  0x0000023501b73800 JavaThread "Unconstrained build operations Thread 45" [_thread_blocked, id=14488, stack(0x000000b50f500000,0x000000b50f600000)]
  0x0000023501b7c000 JavaThread "Unconstrained build operations Thread 46" [_thread_blocked, id=10336, stack(0x000000b50f600000,0x000000b50f700000)]
  0x0000023501b7b000 JavaThread "Unconstrained build operations Thread 47" [_thread_blocked, id=12164, stack(0x000000b50f700000,0x000000b50f800000)]
  0x0000023501b77000 JavaThread "Unconstrained build operations Thread 48" [_thread_blocked, id=11728, stack(0x000000b50f800000,0x000000b50f900000)]
  0x0000023501b7a000 JavaThread "Unconstrained build operations Thread 49" [_thread_blocked, id=6964, stack(0x000000b50f900000,0x000000b50fa00000)]
  0x0000023501b7f000 JavaThread "Unconstrained build operations Thread 50" [_thread_blocked, id=11640, stack(0x000000b50fa00000,0x000000b50fb00000)]
  0x0000023501b7c800 JavaThread "Unconstrained build operations Thread 51" [_thread_blocked, id=11388, stack(0x000000b50fb00000,0x000000b50fc00000)]
  0x0000023501b7d800 JavaThread "Unconstrained build operations Thread 52" [_thread_blocked, id=11724, stack(0x000000b50fc00000,0x000000b50fd00000)]
  0x0000023501b7e000 JavaThread "Unconstrained build operations Thread 53" [_thread_blocked, id=12820, stack(0x000000b50fd00000,0x000000b50fe00000)]
  0x0000023501b79800 JavaThread "Unconstrained build operations Thread 54" [_thread_blocked, id=12944, stack(0x000000b50fe00000,0x000000b50ff00000)]
  0x0000023501b80000 JavaThread "Unconstrained build operations Thread 55" [_thread_blocked, id=8108, stack(0x000000b50ff00000,0x000000b510000000)]
  0x0000023501b80800 JavaThread "Unconstrained build operations Thread 56" [_thread_blocked, id=11988, stack(0x000000b510000000,0x000000b510100000)]
  0x0000023501b81800 JavaThread "Unconstrained build operations Thread 57" [_thread_blocked, id=11400, stack(0x000000b510100000,0x000000b510200000)]
  0x0000023501700800 JavaThread "Unconstrained build operations Thread 58" [_thread_blocked, id=12208, stack(0x000000b510200000,0x000000b510300000)]
  0x0000023501701800 JavaThread "Unconstrained build operations Thread 59" [_thread_blocked, id=10420, stack(0x000000b510300000,0x000000b510400000)]
  0x00000235016ff800 JavaThread "Unconstrained build operations Thread 60" [_thread_blocked, id=14144, stack(0x000000b510400000,0x000000b510500000)]
  0x0000023501702000 JavaThread "Unconstrained build operations Thread 61" [_thread_blocked, id=1584, stack(0x000000b510500000,0x000000b510600000)]
  0x0000023501703000 JavaThread "Unconstrained build operations Thread 62" [_thread_blocked, id=9900, stack(0x000000b510600000,0x000000b510700000)]
  0x00000235016ff000 JavaThread "Unconstrained build operations Thread 63" [_thread_blocked, id=7192, stack(0x000000b510700000,0x000000b510800000)]
  0x00000235016fd800 JavaThread "Unconstrained build operations Thread 64" [_thread_blocked, id=1596, stack(0x000000b510800000,0x000000b510900000)]
  0x0000023501704000 JavaThread "Unconstrained build operations Thread 65" [_thread_blocked, id=3696, stack(0x000000b510900000,0x000000b510a00000)]
  0x00000235016fe000 JavaThread "Unconstrained build operations Thread 66" [_thread_blocked, id=1792, stack(0x000000b510a00000,0x000000b510b00000)]
  0x0000023501707000 JavaThread "Unconstrained build operations Thread 67" [_thread_blocked, id=11600, stack(0x000000b510b00000,0x000000b510c00000)]
  0x0000023501708800 JavaThread "Unconstrained build operations Thread 68" [_thread_blocked, id=6988, stack(0x000000b510c00000,0x000000b510d00000)]
  0x0000023501704800 JavaThread "Unconstrained build operations Thread 69" [_thread_blocked, id=7644, stack(0x000000b510d00000,0x000000b510e00000)]
  0x000002350170a800 JavaThread "Unconstrained build operations Thread 70" [_thread_blocked, id=14088, stack(0x000000b510e00000,0x000000b510f00000)]
  0x0000023501708000 JavaThread "Unconstrained build operations Thread 71" [_thread_blocked, id=260, stack(0x000000b510f00000,0x000000b511000000)]
  0x0000023501706000 JavaThread "Unconstrained build operations Thread 72" [_thread_blocked, id=4824, stack(0x000000b511000000,0x000000b511100000)]
  0x000002350170b000 JavaThread "Unconstrained build operations Thread 73" [_thread_blocked, id=12236, stack(0x000000b511100000,0x000000b511200000)]
  0x0000023501705800 JavaThread "Unconstrained build operations Thread 74" [_thread_blocked, id=11680, stack(0x000000b511200000,0x000000b511300000)]
  0x000002350170c000 JavaThread "Unconstrained build operations Thread 75" [_thread_blocked, id=9696, stack(0x000000b511300000,0x000000b511400000)]
  0x0000023501709800 JavaThread "Unconstrained build operations Thread 76" [_thread_blocked, id=4012, stack(0x000000b511400000,0x000000b511500000)]
  0x0000023503229000 JavaThread "Unconstrained build operations Thread 77" [_thread_blocked, id=8916, stack(0x000000b511500000,0x000000b511600000)]
  0x000002350322c800 JavaThread "Unconstrained build operations Thread 78" [_thread_blocked, id=14648, stack(0x000000b511600000,0x000000b511700000)]
  0x000002350322d000 JavaThread "Unconstrained build operations Thread 79" [_thread_blocked, id=7316, stack(0x000000b511700000,0x000000b511800000)]
  0x000002350322a000 JavaThread "Unconstrained build operations Thread 80" [_thread_blocked, id=10200, stack(0x000000b511800000,0x000000b511900000)]
  0x000002350322e000 JavaThread "jar transforms Thread 4" [_thread_blocked, id=1264, stack(0x000000b511a00000,0x000000b511b00000)]
  0x000002350322a800 JavaThread "jar transforms Thread 5" [_thread_blocked, id=2724, stack(0x000000b511b00000,0x000000b511c00000)]
  0x000002350322e800 JavaThread "jar transforms Thread 6" [_thread_blocked, id=14256, stack(0x000000b511c00000,0x000000b511d00000)]
  0x0000023503230800 JavaThread "jar transforms Thread 7" [_thread_blocked, id=3660, stack(0x000000b511d00000,0x000000b511e00000)]
  0x000002350322f800 JavaThread "jar transforms Thread 8" [_thread_blocked, id=12256, stack(0x000000b511e00000,0x000000b511f00000)]

Other Threads:
  0x000002357f7b9000 VMThread "VM Thread" [stack: 0x000000b509c00000,0x000000b509d00000] [id=10036]
  0x00000235002d8000 WatcherThread [stack: 0x000000b50a600000,0x000000b50a700000] [id=6092]
  0x0000023563394800 GCTaskThread "GC Thread#0" [stack: 0x000000b509700000,0x000000b509800000] [id=10572]
  0x0000023500b16000 GCTaskThread "GC Thread#1" [stack: 0x000000b50a900000,0x000000b50aa00000] [id=12844]
  0x000002350109a800 GCTaskThread "GC Thread#2" [stack: 0x000000b50aa00000,0x000000b50ab00000] [id=11544]
  0x0000023502e96800 GCTaskThread "GC Thread#3" [stack: 0x000000b50b300000,0x000000b50b400000] [id=13872]
  0x0000023502613800 GCTaskThread "GC Thread#4" [stack: 0x000000b50b400000,0x000000b50b500000] [id=13896]
  0x00000235024be000 GCTaskThread "GC Thread#5" [stack: 0x000000b50b500000,0x000000b50b600000] [id=14004]
  0x0000023501cce800 GCTaskThread "GC Thread#6" [stack: 0x000000b50b600000,0x000000b50b700000] [id=13996]
  0x0000023501bdc000 GCTaskThread "GC Thread#7" [stack: 0x000000b50b700000,0x000000b50b800000] [id=14028]
  0x00000235633c8000 ConcurrentGCThread "G1 Main Marker" [stack: 0x000000b509800000,0x000000b509900000] [id=14284]
=>0x00000235633c9000 ConcurrentGCThread "G1 Conc#0" [stack: 0x000000b509900000,0x000000b509a00000] [id=540]
  0x0000023501449800 ConcurrentGCThread "G1 Conc#1" [stack: 0x000000b50bb00000,0x000000b50bc00000] [id=13792]
  0x0000023563457000 ConcurrentGCThread "G1 Refine#0" [stack: 0x000000b509a00000,0x000000b509b00000] [id=14848]
  0x000002357f610800 ConcurrentGCThread "G1 Young RemSet Sampling" [stack: 0x000000b509b00000,0x000000b509c00000] [id=9572]

Threads with active compile tasks:

VM state:not at safepoint (normal execution)

VM Mutex/Monitor currently owned by a thread:  ([mutex/lock_event])
[0x00000235633788e0] Heap_lock - owner thread: 0x0000023503255000

Heap address: 0x0000000080000000, size: 2048 MB, Compressed Oops mode: 32-bit
Narrow klass base: 0x0000000000000000, Narrow klass shift: 3
Compressed class space size: 1073741824 Address: 0x0000000100000000

Heap:
 garbage-first heap   total 157696K, used 45387K [0x0000000080000000, 0x0000000100000000)
  region size 1024K, 3 young (3072K), 2 survivors (2048K)
 Metaspace       used 59122K, capacity 60489K, committed 60620K, reserved 1101824K
  class space    used 7480K, capacity 8009K, committed 8140K, reserved 1048576K
Heap Regions: E=young(eden), S=young(survivor), O=old, HS=humongous(starts), HC=humongous(continues), CS=collection set, F=free, A=archive, TAMS=top-at-mark-start (previous, next)
|   0|0x0000000080000000, 0x0000000080100000, 0x0000000080100000|100%| O|  |TAMS 0x0000000080100000, 0x0000000080100000| Untracked 
|   1|0x0000000080100000, 0x0000000080200000, 0x0000000080200000|100%| O|  |TAMS 0x0000000080200000, 0x0000000080200000| Untracked 
|   2|0x0000000080200000, 0x0000000080300000, 0x0000000080300000|100%| O|  |TAMS 0x0000000080300000, 0x0000000080300000| Untracked 
|   3|0x0000000080300000, 0x0000000080400000, 0x0000000080400000|100%|HS|  |TAMS 0x0000000080400000, 0x0000000080400000| Complete 
|   4|0x0000000080400000, 0x0000000080500000, 0x0000000080500000|100%|HC|  |TAMS 0x0000000080500000, 0x0000000080500000| Complete 
|   5|0x0000000080500000, 0x0000000080600000, 0x0000000080600000|100%|HC|  |TAMS 0x0000000080600000, 0x0000000080600000| Complete 
|   6|0x0000000080600000, 0x0000000080700000, 0x0000000080700000|100%| O|  |TAMS 0x0000000080700000, 0x0000000080700000| Untracked 
|   7|0x0000000080700000, 0x0000000080800000, 0x0000000080800000|100%| O|  |TAMS 0x0000000080800000, 0x0000000080800000| Untracked 
|   8|0x0000000080800000, 0x0000000080900000, 0x0000000080900000|100%| O|  |TAMS 0x0000000080900000, 0x0000000080900000| Untracked 
|   9|0x0000000080900000, 0x0000000080a00000, 0x0000000080a00000|100%| O|  |TAMS 0x0000000080a00000, 0x0000000080a00000| Untracked 
|  10|0x0000000080a00000, 0x0000000080b00000, 0x0000000080b00000|100%| O|  |TAMS 0x0000000080b00000, 0x0000000080b00000| Untracked 
|  11|0x0000000080b00000, 0x0000000080c00000, 0x0000000080c00000|100%| O|  |TAMS 0x0000000080c00000, 0x0000000080c00000| Untracked 
|  12|0x0000000080c00000, 0x0000000080d00000, 0x0000000080d00000|100%| O|  |TAMS 0x0000000080d00000, 0x0000000080d00000| Untracked 
|  13|0x0000000080d00000, 0x0000000080e00000, 0x0000000080e00000|100%| O|  |TAMS 0x0000000080e00000, 0x0000000080e00000| Untracked 
|  14|0x0000000080e00000, 0x0000000080f00000, 0x0000000080f00000|100%| O|  |TAMS 0x0000000080f00000, 0x0000000080f00000| Untracked 
|  15|0x0000000080f00000, 0x0000000081000000, 0x0000000081000000|100%| O|  |TAMS 0x0000000081000000, 0x0000000081000000| Untracked 
|  16|0x0000000081000000, 0x0000000081100000, 0x0000000081100000|100%| O|  |TAMS 0x0000000081100000, 0x0000000081100000| Untracked 
|  17|0x0000000081100000, 0x0000000081200000, 0x0000000081200000|100%| O|  |TAMS 0x0000000081200000, 0x0000000081200000| Untracked 
|  18|0x0000000081200000, 0x0000000081300000, 0x0000000081300000|100%| O|  |TAMS 0x000000008124a000, 0x0000000081300000| Untracked 
|  19|0x0000000081300000, 0x0000000081400000, 0x0000000081400000|100%|HS|  |TAMS 0x0000000081300000, 0x0000000081400000| Complete 
|  20|0x0000000081400000, 0x0000000081500000, 0x0000000081500000|100%| O|  |TAMS 0x0000000081400000, 0x0000000081500000| Untracked 
|  21|0x0000000081500000, 0x0000000081600000, 0x0000000081600000|100%| O|  |TAMS 0x0000000081500000, 0x0000000081600000| Untracked 
|  22|0x0000000081600000, 0x0000000081700000, 0x0000000081700000|100%| O|  |TAMS 0x0000000081600000, 0x0000000081700000| Untracked 
|  23|0x0000000081700000, 0x0000000081800000, 0x0000000081800000|100%| O|  |TAMS 0x0000000081700000, 0x0000000081800000| Untracked 
|  24|0x0000000081800000, 0x0000000081900000, 0x0000000081900000|100%| O|  |TAMS 0x0000000081800000, 0x0000000081900000| Untracked 
|  25|0x0000000081900000, 0x0000000081a00000, 0x0000000081a00000|100%| O|  |TAMS 0x0000000081900000, 0x0000000081a00000| Untracked 
|  26|0x0000000081a00000, 0x0000000081b00000, 0x0000000081b00000|100%| O|  |TAMS 0x0000000081a00000, 0x0000000081b00000| Untracked 
|  27|0x0000000081b00000, 0x0000000081c00000, 0x0000000081c00000|100%|HS|  |TAMS 0x0000000081b00000, 0x0000000081c00000| Complete 
|  28|0x0000000081c00000, 0x0000000081d00000, 0x0000000081d00000|100%|HS|  |TAMS 0x0000000081c00000, 0x0000000081d00000| Complete 
|  29|0x0000000081d00000, 0x0000000081e00000, 0x0000000081e00000|100%|HS|  |TAMS 0x0000000081d00000, 0x0000000081e00000| Complete 
|  30|0x0000000081e00000, 0x0000000081f00000, 0x0000000081f00000|100%|HC|  |TAMS 0x0000000081e00000, 0x0000000081f00000| Complete 
|  31|0x0000000081f00000, 0x0000000082000000, 0x0000000082000000|100%| O|  |TAMS 0x0000000081f00000, 0x0000000082000000| Untracked 
|  32|0x0000000082000000, 0x0000000082100000, 0x0000000082100000|100%| O|  |TAMS 0x0000000082000000, 0x0000000082100000| Untracked 
|  33|0x0000000082100000, 0x0000000082200000, 0x0000000082200000|100%| O|  |TAMS 0x0000000082100000, 0x0000000082200000| Untracked 
|  34|0x0000000082200000, 0x0000000082300000, 0x0000000082300000|100%| O|  |TAMS 0x0000000082200000, 0x0000000082300000| Untracked 
|  35|0x0000000082300000, 0x0000000082400000, 0x0000000082400000|100%| O|  |TAMS 0x0000000082300000, 0x0000000082400000| Untracked 
|  36|0x0000000082400000, 0x0000000082500000, 0x0000000082500000|100%| O|  |TAMS 0x0000000082400000, 0x0000000082500000| Untracked 
|  37|0x0000000082500000, 0x0000000082600000, 0x0000000082600000|100%| O|  |TAMS 0x0000000082500000, 0x0000000082600000| Untracked 
|  38|0x0000000082600000, 0x0000000082700000, 0x0000000082700000|100%| O|  |TAMS 0x0000000082600000, 0x0000000082700000| Untracked 
|  39|0x0000000082700000, 0x0000000082800000, 0x0000000082800000|100%| O|  |TAMS 0x0000000082700000, 0x0000000082800000| Untracked 
|  40|0x0000000082800000, 0x0000000082900000, 0x0000000082900000|100%| O|  |TAMS 0x0000000082800000, 0x0000000082900000| Untracked 
|  41|0x0000000082900000, 0x0000000082a00000, 0x0000000082a00000|100%| O|  |TAMS 0x0000000082900000, 0x0000000082a00000| Untracked 
|  42|0x0000000082a00000, 0x0000000082ade600, 0x0000000082b00000| 86%| O|  |TAMS 0x0000000082a00000, 0x0000000082ade600| Untracked 
|  43|0x0000000082b00000, 0x0000000082b00000, 0x0000000082c00000|  0%| F|  |TAMS 0x0000000082b00000, 0x0000000082b00000| Untracked 
|  44|0x0000000082c00000, 0x0000000082c00000, 0x0000000082d00000|  0%| F|  |TAMS 0x0000000082c00000, 0x0000000082c00000| Untracked 
|  45|0x0000000082d00000, 0x0000000082d00000, 0x0000000082e00000|  0%| F|  |TAMS 0x0000000082d00000, 0x0000000082d00000| Untracked 
|  46|0x0000000082e00000, 0x0000000082e00000, 0x0000000082f00000|  0%| F|  |TAMS 0x0000000082e00000, 0x0000000082e00000| Untracked 
|  47|0x0000000082f00000, 0x0000000082f00000, 0x0000000083000000|  0%| F|  |TAMS 0x0000000082f00000, 0x0000000082f00000| Untracked 
|  48|0x0000000083000000, 0x0000000083000000, 0x0000000083100000|  0%| F|  |TAMS 0x0000000083000000, 0x0000000083000000| Untracked 
|  49|0x0000000083100000, 0x0000000083100000, 0x0000000083200000|  0%| F|  |TAMS 0x0000000083100000, 0x0000000083100000| Untracked 
|  50|0x0000000083200000, 0x0000000083200000, 0x0000000083300000|  0%| F|  |TAMS 0x0000000083200000, 0x0000000083200000| Untracked 
|  51|0x0000000083300000, 0x0000000083300000, 0x0000000083400000|  0%| F|  |TAMS 0x0000000083300000, 0x0000000083300000| Untracked 
|  52|0x0000000083400000, 0x0000000083400000, 0x0000000083500000|  0%| F|  |TAMS 0x0000000083400000, 0x0000000083400000| Untracked 
|  53|0x0000000083500000, 0x0000000083500000, 0x0000000083600000|  0%| F|  |TAMS 0x0000000083500000, 0x0000000083500000| Untracked 
|  54|0x0000000083600000, 0x0000000083600000, 0x0000000083700000|  0%| F|  |TAMS 0x0000000083600000, 0x0000000083600000| Untracked 
|  55|0x0000000083700000, 0x0000000083700000, 0x0000000083800000|  0%| F|  |TAMS 0x0000000083700000, 0x0000000083700000| Untracked 
|  56|0x0000000083800000, 0x0000000083800000, 0x0000000083900000|  0%| F|  |TAMS 0x0000000083800000, 0x0000000083800000| Untracked 
|  57|0x0000000083900000, 0x0000000083900000, 0x0000000083a00000|  0%| F|  |TAMS 0x0000000083900000, 0x0000000083900000| Untracked 
|  58|0x0000000083a00000, 0x0000000083a00000, 0x0000000083b00000|  0%| F|  |TAMS 0x0000000083a00000, 0x0000000083a00000| Untracked 
|  59|0x0000000083b00000, 0x0000000083b00000, 0x0000000083c00000|  0%| F|  |TAMS 0x0000000083b00000, 0x0000000083b00000| Untracked 
|  60|0x0000000083c00000, 0x0000000083c00000, 0x0000000083d00000|  0%| F|  |TAMS 0x0000000083c00000, 0x0000000083c00000| Untracked 
|  61|0x0000000083d00000, 0x0000000083d00000, 0x0000000083e00000|  0%| F|  |TAMS 0x0000000083d00000, 0x0000000083d00000| Untracked 
|  62|0x0000000083e00000, 0x0000000083e00000, 0x0000000083f00000|  0%| F|  |TAMS 0x0000000083e00000, 0x0000000083e00000| Untracked 
|  63|0x0000000083f00000, 0x0000000083f00000, 0x0000000084000000|  0%| F|  |TAMS 0x0000000083f00000, 0x0000000083f00000| Untracked 
|  64|0x0000000084000000, 0x0000000084000000, 0x0000000084100000|  0%| F|  |TAMS 0x0000000084000000, 0x0000000084000000| Untracked 
|  65|0x0000000084100000, 0x0000000084100000, 0x0000000084200000|  0%| F|  |TAMS 0x0000000084100000, 0x0000000084100000| Untracked 
|  66|0x0000000084200000, 0x0000000084200000, 0x0000000084300000|  0%| F|  |TAMS 0x0000000084200000, 0x0000000084200000| Untracked 
|  67|0x0000000084300000, 0x0000000084300000, 0x0000000084400000|  0%| F|  |TAMS 0x0000000084300000, 0x0000000084300000| Untracked 
|  68|0x0000000084400000, 0x0000000084400000, 0x0000000084500000|  0%| F|  |TAMS 0x0000000084400000, 0x0000000084400000| Untracked 
|  69|0x0000000084500000, 0x0000000084500000, 0x0000000084600000|  0%| F|  |TAMS 0x0000000084500000, 0x0000000084500000| Untracked 
|  70|0x0000000084600000, 0x0000000084600000, 0x0000000084700000|  0%| F|  |TAMS 0x0000000084600000, 0x0000000084600000| Untracked 
|  71|0x0000000084700000, 0x0000000084700000, 0x0000000084800000|  0%| F|  |TAMS 0x0000000084700000, 0x0000000084700000| Untracked 
|  72|0x0000000084800000, 0x0000000084800000, 0x0000000084900000|  0%| F|  |TAMS 0x0000000084800000, 0x0000000084800000| Untracked 
|  73|0x0000000084900000, 0x0000000084900000, 0x0000000084a00000|  0%| F|  |TAMS 0x0000000084900000, 0x0000000084900000| Untracked 
|  74|0x0000000084a00000, 0x0000000084a00000, 0x0000000084b00000|  0%| F|  |TAMS 0x0000000084a00000, 0x0000000084a00000| Untracked 
|  75|0x0000000084b00000, 0x0000000084b00000, 0x0000000084c00000|  0%| F|  |TAMS 0x0000000084b00000, 0x0000000084b00000| Untracked 
|  76|0x0000000084c00000, 0x0000000084c00000, 0x0000000084d00000|  0%| F|  |TAMS 0x0000000084c00000, 0x0000000084c00000| Untracked 
|  77|0x0000000084d00000, 0x0000000084d00000, 0x0000000084e00000|  0%| F|  |TAMS 0x0000000084d00000, 0x0000000084d00000| Untracked 
|  78|0x0000000084e00000, 0x0000000084e00000, 0x0000000084f00000|  0%| F|  |TAMS 0x0000000084e00000, 0x0000000084e00000| Untracked 
|  79|0x0000000084f00000, 0x0000000084f00000, 0x0000000085000000|  0%| F|  |TAMS 0x0000000084f00000, 0x0000000084f00000| Untracked 
|  80|0x0000000085000000, 0x0000000085000000, 0x0000000085100000|  0%| F|  |TAMS 0x0000000085000000, 0x0000000085000000| Untracked 
|  81|0x0000000085100000, 0x0000000085100000, 0x0000000085200000|  0%| F|  |TAMS 0x0000000085100000, 0x0000000085100000| Untracked 
|  82|0x0000000085200000, 0x0000000085200000, 0x0000000085300000|  0%| F|  |TAMS 0x0000000085200000, 0x0000000085200000| Untracked 
|  83|0x0000000085300000, 0x0000000085300000, 0x0000000085400000|  0%| F|  |TAMS 0x0000000085300000, 0x0000000085300000| Untracked 
|  84|0x0000000085400000, 0x0000000085400000, 0x0000000085500000|  0%| F|  |TAMS 0x0000000085400000, 0x0000000085400000| Untracked 
|  85|0x0000000085500000, 0x0000000085500000, 0x0000000085600000|  0%| F|  |TAMS 0x0000000085500000, 0x0000000085500000| Untracked 
|  86|0x0000000085600000, 0x0000000085600000, 0x0000000085700000|  0%| F|  |TAMS 0x0000000085600000, 0x0000000085600000| Untracked 
|  87|0x0000000085700000, 0x0000000085700000, 0x0000000085800000|  0%| F|  |TAMS 0x0000000085700000, 0x0000000085700000| Untracked 
|  88|0x0000000085800000, 0x0000000085800000, 0x0000000085900000|  0%| F|  |TAMS 0x0000000085800000, 0x0000000085800000| Untracked 
|  89|0x0000000085900000, 0x0000000085900000, 0x0000000085a00000|  0%| F|  |TAMS 0x0000000085900000, 0x0000000085900000| Untracked 
|  90|0x0000000085a00000, 0x0000000085a00000, 0x0000000085b00000|  0%| F|  |TAMS 0x0000000085a00000, 0x0000000085a00000| Untracked 
|  91|0x0000000085b00000, 0x0000000085b00000, 0x0000000085c00000|  0%| F|  |TAMS 0x0000000085b00000, 0x0000000085b00000| Untracked 
|  92|0x0000000085c00000, 0x0000000085c00000, 0x0000000085d00000|  0%| F|  |TAMS 0x0000000085c00000, 0x0000000085c00000| Untracked 
|  93|0x0000000085d00000, 0x0000000085d00000, 0x0000000085e00000|  0%| F|  |TAMS 0x0000000085d00000, 0x0000000085d00000| Untracked 
|  94|0x0000000085e00000, 0x0000000085e00000, 0x0000000085f00000|  0%| F|  |TAMS 0x0000000085e00000, 0x0000000085e00000| Untracked 
|  95|0x0000000085f00000, 0x0000000085f00000, 0x0000000086000000|  0%| F|  |TAMS 0x0000000085f00000, 0x0000000085f00000| Untracked 
|  96|0x0000000086000000, 0x0000000086000000, 0x0000000086100000|  0%| F|  |TAMS 0x0000000086000000, 0x0000000086000000| Untracked 
|  97|0x0000000086100000, 0x0000000086100000, 0x0000000086200000|  0%| F|  |TAMS 0x0000000086100000, 0x0000000086100000| Untracked 
|  98|0x0000000086200000, 0x0000000086200000, 0x0000000086300000|  0%| F|  |TAMS 0x0000000086200000, 0x0000000086200000| Untracked 
|  99|0x0000000086300000, 0x0000000086300000, 0x0000000086400000|  0%| F|  |TAMS 0x0000000086300000, 0x0000000086300000| Untracked 
| 100|0x0000000086400000, 0x0000000086400000, 0x0000000086500000|  0%| F|  |TAMS 0x0000000086400000, 0x0000000086400000| Untracked 
| 101|0x0000000086500000, 0x0000000086500000, 0x0000000086600000|  0%| F|  |TAMS 0x0000000086500000, 0x0000000086500000| Untracked 
| 102|0x0000000086600000, 0x0000000086600000, 0x0000000086700000|  0%| F|  |TAMS 0x0000000086600000, 0x0000000086600000| Untracked 
| 103|0x0000000086700000, 0x0000000086700000, 0x0000000086800000|  0%| F|  |TAMS 0x0000000086700000, 0x0000000086700000| Untracked 
| 104|0x0000000086800000, 0x0000000086800000, 0x0000000086900000|  0%| F|  |TAMS 0x0000000086800000, 0x0000000086800000| Untracked 
| 105|0x0000000086900000, 0x0000000086900000, 0x0000000086a00000|  0%| F|  |TAMS 0x0000000086900000, 0x0000000086900000| Untracked 
| 106|0x0000000086a00000, 0x0000000086a00000, 0x0000000086b00000|  0%| F|  |TAMS 0x0000000086a00000, 0x0000000086a00000| Untracked 
| 107|0x0000000086b00000, 0x0000000086b00000, 0x0000000086c00000|  0%| F|  |TAMS 0x0000000086b00000, 0x0000000086b00000| Untracked 
| 108|0x0000000086c00000, 0x0000000086c00000, 0x0000000086d00000|  0%| F|  |TAMS 0x0000000086c00000, 0x0000000086c00000| Untracked 
| 109|0x0000000086d00000, 0x0000000086d00000, 0x0000000086e00000|  0%| F|  |TAMS 0x0000000086d00000, 0x0000000086d00000| Untracked 
| 110|0x0000000086e00000, 0x0000000086e00000, 0x0000000086f00000|  0%| F|  |TAMS 0x0000000086e00000, 0x0000000086e00000| Untracked 
| 111|0x0000000086f00000, 0x0000000086f00000, 0x0000000087000000|  0%| F|  |TAMS 0x0000000086f00000, 0x0000000086f00000| Untracked 
| 112|0x0000000087000000, 0x0000000087000000, 0x0000000087100000|  0%| F|  |TAMS 0x0000000087000000, 0x0000000087000000| Untracked 
| 113|0x0000000087100000, 0x0000000087100000, 0x0000000087200000|  0%| F|  |TAMS 0x0000000087100000, 0x0000000087100000| Untracked 
| 114|0x0000000087200000, 0x0000000087200000, 0x0000000087300000|  0%| F|  |TAMS 0x0000000087200000, 0x0000000087200000| Untracked 
| 115|0x0000000087300000, 0x0000000087300000, 0x0000000087400000|  0%| F|  |TAMS 0x0000000087300000, 0x0000000087300000| Untracked 
| 116|0x0000000087400000, 0x0000000087400000, 0x0000000087500000|  0%| F|  |TAMS 0x0000000087400000, 0x0000000087400000| Untracked 
| 117|0x0000000087500000, 0x0000000087500000, 0x0000000087600000|  0%| F|  |TAMS 0x0000000087500000, 0x0000000087500000| Untracked 
| 118|0x0000000087600000, 0x0000000087600000, 0x0000000087700000|  0%| F|  |TAMS 0x0000000087600000, 0x0000000087600000| Untracked 
| 119|0x0000000087700000, 0x0000000087700000, 0x0000000087800000|  0%| F|  |TAMS 0x0000000087700000, 0x0000000087700000| Untracked 
| 120|0x0000000087800000, 0x0000000087800000, 0x0000000087900000|  0%| F|  |TAMS 0x0000000087800000, 0x0000000087800000| Untracked 
| 121|0x0000000087900000, 0x0000000087900000, 0x0000000087a00000|  0%| F|  |TAMS 0x0000000087900000, 0x0000000087900000| Untracked 
| 122|0x0000000087a00000, 0x0000000087a00000, 0x0000000087b00000|  0%| F|  |TAMS 0x0000000087a00000, 0x0000000087a00000| Untracked 
| 123|0x0000000087b00000, 0x0000000087b00000, 0x0000000087c00000|  0%| F|  |TAMS 0x0000000087b00000, 0x0000000087b00000| Untracked 
| 124|0x0000000087c00000, 0x0000000087c746a0, 0x0000000087d00000| 45%| S|CS|TAMS 0x0000000087c00000, 0x0000000087c00000| Complete 
| 125|0x0000000087d00000, 0x0000000087e00000, 0x0000000087e00000|100%| S|CS|TAMS 0x0000000087d00000, 0x0000000087d00000| Complete 
| 126|0x0000000087e00000, 0x0000000087e00000, 0x0000000087f00000|  0%| F|  |TAMS 0x0000000087e00000, 0x0000000087e00000| Untracked 
| 127|0x0000000087f00000, 0x0000000087f00000, 0x0000000088000000|  0%| F|  |TAMS 0x0000000087f00000, 0x0000000087f00000| Untracked 
| 128|0x0000000088000000, 0x0000000088000000, 0x0000000088100000|  0%| F|  |TAMS 0x0000000088000000, 0x0000000088000000| Untracked 
| 129|0x0000000088100000, 0x0000000088100000, 0x0000000088200000|  0%| F|  |TAMS 0x0000000088100000, 0x0000000088100000| Untracked 
| 130|0x0000000088200000, 0x0000000088200000, 0x0000000088300000|  0%| F|  |TAMS 0x0000000088200000, 0x0000000088200000| Untracked 
| 131|0x0000000088300000, 0x0000000088300000, 0x0000000088400000|  0%| F|  |TAMS 0x0000000088300000, 0x0000000088300000| Untracked 
| 132|0x0000000088400000, 0x0000000088400000, 0x0000000088500000|  0%| F|  |TAMS 0x0000000088400000, 0x0000000088400000| Untracked 
| 133|0x0000000088500000, 0x0000000088500000, 0x0000000088600000|  0%| F|  |TAMS 0x0000000088500000, 0x0000000088500000| Untracked 
| 134|0x0000000088600000, 0x0000000088600000, 0x0000000088700000|  0%| F|  |TAMS 0x0000000088600000, 0x0000000088600000| Untracked 
| 135|0x0000000088700000, 0x0000000088700000, 0x0000000088800000|  0%| F|  |TAMS 0x0000000088700000, 0x0000000088700000| Untracked 
| 136|0x0000000088800000, 0x0000000088800000, 0x0000000088900000|  0%| F|  |TAMS 0x0000000088800000, 0x0000000088800000| Untracked 
| 137|0x0000000088900000, 0x0000000088900000, 0x0000000088a00000|  0%| F|  |TAMS 0x0000000088900000, 0x0000000088900000| Untracked 
| 138|0x0000000088a00000, 0x0000000088a00000, 0x0000000088b00000|  0%| F|  |TAMS 0x0000000088a00000, 0x0000000088a00000| Untracked 
| 139|0x0000000088b00000, 0x0000000088b00000, 0x0000000088c00000|  0%| F|  |TAMS 0x0000000088b00000, 0x0000000088b00000| Untracked 
| 140|0x0000000088c00000, 0x0000000088c00000, 0x0000000088d00000|  0%| F|  |TAMS 0x0000000088c00000, 0x0000000088c00000| Untracked 
| 141|0x0000000088d00000, 0x0000000088d00000, 0x0000000088e00000|  0%| F|  |TAMS 0x0000000088d00000, 0x0000000088d00000| Untracked 
| 142|0x0000000088e00000, 0x0000000088e00000, 0x0000000088f00000|  0%| F|  |TAMS 0x0000000088e00000, 0x0000000088e00000| Untracked 
| 143|0x0000000088f00000, 0x0000000088f00000, 0x0000000089000000|  0%| F|  |TAMS 0x0000000088f00000, 0x0000000088f00000| Untracked 
| 144|0x0000000089000000, 0x0000000089000000, 0x0000000089100000|  0%| F|  |TAMS 0x0000000089000000, 0x0000000089000000| Untracked 
| 145|0x0000000089100000, 0x0000000089100000, 0x0000000089200000|  0%| F|  |TAMS 0x0000000089100000, 0x0000000089100000| Untracked 
| 146|0x0000000089200000, 0x0000000089200000, 0x0000000089300000|  0%| F|  |TAMS 0x0000000089200000, 0x0000000089200000| Untracked 
| 147|0x0000000089300000, 0x0000000089300000, 0x0000000089400000|  0%| F|  |TAMS 0x0000000089300000, 0x0000000089300000| Untracked 
| 148|0x0000000089400000, 0x0000000089400000, 0x0000000089500000|  0%| F|  |TAMS 0x0000000089400000, 0x0000000089400000| Untracked 
| 149|0x0000000089500000, 0x0000000089500000, 0x0000000089600000|  0%| F|  |TAMS 0x0000000089500000, 0x0000000089500000| Untracked 
| 150|0x0000000089600000, 0x0000000089600000, 0x0000000089700000|  0%| F|  |TAMS 0x0000000089600000, 0x0000000089600000| Untracked 
| 151|0x0000000089700000, 0x0000000089700000, 0x0000000089800000|  0%| F|  |TAMS 0x0000000089700000, 0x0000000089700000| Untracked 
| 152|0x0000000089800000, 0x0000000089800000, 0x0000000089900000|  0%| F|  |TAMS 0x0000000089800000, 0x0000000089800000| Untracked 
| 153|0x0000000089900000, 0x00000000899b8a00, 0x0000000089a00000| 72%| E|  |TAMS 0x0000000089900000, 0x0000000089900000| Complete 

Card table byte_map: [0x00000235784f0000,0x00000235788f0000] _byte_map_base: 0x00000235780f0000

Marking Bits (Prev, Next): (CMBitMap*) 0x00000235633bf608, (CMBitMap*) 0x00000235633bf640
 Prev Bits: [0x0000023578cf0000, 0x000002357acf0000)
 Next Bits: [0x000002357acf0000, 0x000002357ccf0000)

Polling page: 0x0000023563460000

Metaspace:

Usage:
  Non-class:     51.25 MB capacity,    50.43 MB ( 98%) used,   683.74 KB (  1%) free+waste,   154.19 KB ( <1%) overhead. 
      Class:      7.82 MB capacity,     7.30 MB ( 93%) used,   456.12 KB (  6%) free+waste,    72.81 KB ( <1%) overhead. 
       Both:     59.07 MB capacity,    57.74 MB ( 98%) used,     1.11 MB (  2%) free+waste,   227.00 KB ( <1%) overhead. 

Virtual space:
  Non-class space:       52.00 MB reserved,      51.25 MB ( 99%) committed 
      Class space:        1.00 GB reserved,       7.95 MB ( <1%) committed 
             Both:        1.05 GB reserved,      59.20 MB (  6%) committed 

Chunk freelists:
   Non-Class:  0 bytes
       Class:  23.00 KB
        Both:  23.00 KB

MaxMetaspaceSize: 17179869184.00 GB
CompressedClassSpaceSize: 1.00 GB

CodeHeap 'non-profiled nmethods': size=120000Kb used=3452Kb max_used=3452Kb free=116547Kb
 bounds [0x0000023570160000, 0x00000235704c0000, 0x0000023577690000]
CodeHeap 'profiled nmethods': size=120000Kb used=12104Kb max_used=12104Kb free=107895Kb
 bounds [0x0000023568c30000, 0x0000023569810000, 0x0000023570160000]
CodeHeap 'non-nmethods': size=5760Kb used=2244Kb max_used=2289Kb free=3515Kb
 bounds [0x0000023568690000, 0x0000023568900000, 0x0000023568c30000]
 total_blobs=6682 nmethods=5856 adapters=737
 compilation: enabled
              stopped_count=0, restarted_count=0
 full_count=0

Compilation events (20 events):
Event: 11.051 Thread 0x000002357f7e3000 nmethod 5864 0x00000235697fda90 code [0x00000235697fdc40, 0x00000235697fdd98]
Event: 11.058 Thread 0x00000235005e8000 nmethod 5851 0x00000235704a5110 code [0x00000235704a5320, 0x00000235704a5e70]
Event: 11.077 Thread 0x000002357f7e3000 5865       3       java.util.logging.LogManager::getProperty (9 bytes)
Event: 11.077 Thread 0x000002357f7e3000 nmethod 5865 0x00000235697fde10 code [0x00000235697fdfc0, 0x00000235697fe188]
Event: 11.095 Thread 0x000002357f7e3000 5866       3       java.util.concurrent.ConcurrentHashMap$ValuesView::iterator (34 bytes)
Event: 11.095 Thread 0x000002357f7e3000 nmethod 5866 0x00000235697fe290 code [0x00000235697fe480, 0x00000235697fe818]
Event: 11.095 Thread 0x000002357f7e3000 5867       3       java.util.concurrent.ConcurrentHashMap$ValueIterator::<init> (12 bytes)
Event: 11.096 Thread 0x000002357f7e3000 nmethod 5867 0x00000235697fea10 code [0x00000235697febe0, 0x00000235697fee18]
Event: 11.116 Thread 0x000002350605a800 nmethod 5683 0x00000235704a6610 code [0x00000235704a6d60, 0x00000235704ade30]
Event: 11.229 Thread 0x000002357f7e1800 nmethod 5777 0x00000235704b1f10 code [0x00000235704b3120, 0x00000235704ba8d0]
Event: 11.254 Thread 0x000002357f7e3000 5868   !   3       java.util.stream.ReferencePipeline$7$1::accept (127 bytes)
Event: 11.254 Thread 0x000002357f7e3000 nmethod 5868 0x00000235697fef10 code [0x00000235697ff1a0, 0x00000235697fff38]
Event: 11.254 Thread 0x000002357f7e3000 5869       3       java.util.stream.AbstractPipeline::sequential (10 bytes)
Event: 11.254 Thread 0x000002357f7e3000 nmethod 5869 0x0000023569800410 code [0x00000235698005c0, 0x00000235698006d8]
Event: 11.254 Thread 0x000002357f7e3000 5870       3       java.util.stream.ReferencePipeline$Head::forEach (26 bytes)
Event: 11.255 Thread 0x000002357f7e3000 nmethod 5870 0x0000023569800790 code [0x00000235698009c0, 0x00000235698010b8]
Event: 11.957 Thread 0x000002357f7e3000 5871       1       java.net.InetAddress::holder (5 bytes)
Event: 11.957 Thread 0x000002357f7e3000 nmethod 5871 0x00000235704bf090 code [0x00000235704bf240, 0x00000235704bf2f8]
Event: 11.958 Thread 0x000002357f7e3000 5872  s    3       java.io.BufferedInputStream::read (113 bytes)
Event: 11.959 Thread 0x000002357f7e3000 nmethod 5872 0x0000023569801390 code [0x00000235698015c0, 0x0000023569801f18]

GC Heap History (20 events):
Event: 2.153 GC heap before
{Heap before GC invocations=1 (full 0):
 garbage-first heap   total 131072K, used 84037K [0x0000000080000000, 0x0000000100000000)
  region size 1024K, 76 young (77824K), 3 survivors (3072K)
 Metaspace       used 17593K, capacity 17986K, committed 18176K, reserved 1064960K
  class space    used 2079K, capacity 2217K, committed 2304K, reserved 1048576K
}
Event: 2.161 GC heap after
{Heap after GC invocations=2 (full 0):
 garbage-first heap   total 131072K, used 16439K [0x0000000080000000, 0x0000000100000000)
  region size 1024K, 10 young (10240K), 10 survivors (10240K)
 Metaspace       used 17593K, capacity 17986K, committed 18176K, reserved 1064960K
  class space    used 2079K, capacity 2217K, committed 2304K, reserved 1048576K
}
Event: 2.477 GC heap before
{Heap before GC invocations=2 (full 0):
 garbage-first heap   total 131072K, used 42039K [0x0000000080000000, 0x0000000100000000)
  region size 1024K, 36 young (36864K), 10 survivors (10240K)
 Metaspace       used 20664K, capacity 21072K, committed 21248K, reserved 1067008K
  class space    used 2538K, capacity 2692K, committed 2816K, reserved 1048576K
}
Event: 2.485 GC heap after
{Heap after GC invocations=3 (full 0):
 garbage-first heap   total 131072K, used 16942K [0x0000000080000000, 0x0000000100000000)
  region size 1024K, 1 young (1024K), 1 survivors (1024K)
 Metaspace       used 20664K, capacity 21072K, committed 21248K, reserved 1067008K
  class space    used 2538K, capacity 2692K, committed 2816K, reserved 1048576K
}
Event: 2.942 GC heap before
{Heap before GC invocations=4 (full 0):
 garbage-first heap   total 131072K, used 67118K [0x0000000080000000, 0x0000000100000000)
  region size 1024K, 51 young (52224K), 1 survivors (1024K)
 Metaspace       used 25939K, capacity 26502K, committed 26752K, reserved 1073152K
  class space    used 3391K, capacity 3615K, committed 3712K, reserved 1048576K
}
Event: 2.945 GC heap after
{Heap after GC invocations=5 (full 0):
 garbage-first heap   total 131072K, used 18819K [0x0000000080000000, 0x0000000100000000)
  region size 1024K, 3 young (3072K), 3 survivors (3072K)
 Metaspace       used 25939K, capacity 26502K, committed 26752K, reserved 1073152K
  class space    used 3391K, capacity 3615K, committed 3712K, reserved 1048576K
}
Event: 3.621 GC heap before
{Heap before GC invocations=5 (full 0):
 garbage-first heap   total 131072K, used 75139K [0x0000000080000000, 0x0000000100000000)
  region size 1024K, 58 young (59392K), 3 survivors (3072K)
 Metaspace       used 33002K, capacity 33770K, committed 34048K, reserved 1079296K
  class space    used 4295K, capacity 4571K, committed 4608K, reserved 1048576K
}
Event: 3.625 GC heap after
{Heap after GC invocations=6 (full 0):
 garbage-first heap   total 131072K, used 21615K [0x0000000080000000, 0x0000000100000000)
  region size 1024K, 6 young (6144K), 6 survivors (6144K)
 Metaspace       used 33002K, capacity 33770K, committed 34048K, reserved 1079296K
  class space    used 4295K, capacity 4571K, committed 4608K, reserved 1048576K
}
Event: 3.731 GC heap before
{Heap before GC invocations=6 (full 0):
 garbage-first heap   total 131072K, used 25711K [0x0000000080000000, 0x0000000100000000)
  region size 1024K, 11 young (11264K), 6 survivors (6144K)
 Metaspace       used 35031K, capacity 35786K, committed 35840K, reserved 1081344K
  class space    used 4556K, capacity 4863K, committed 4864K, reserved 1048576K
}
Event: 3.740 GC heap after
{Heap after GC invocations=7 (full 0):
 garbage-first heap   total 131072K, used 22724K [0x0000000080000000, 0x0000000100000000)
  region size 1024K, 4 young (4096K), 4 survivors (4096K)
 Metaspace       used 35031K, capacity 35786K, committed 35840K, reserved 1081344K
  class space    used 4556K, capacity 4863K, committed 4864K, reserved 1048576K
}
Event: 7.481 GC heap before
{Heap before GC invocations=8 (full 0):
 garbage-first heap   total 131072K, used 80068K [0x0000000080000000, 0x0000000100000000)
  region size 1024K, 58 young (59392K), 4 survivors (4096K)
 Metaspace       used 39110K, capacity 40013K, committed 40268K, reserved 1083392K
  class space    used 5011K, capacity 5351K, committed 5452K, reserved 1048576K
}
Event: 7.487 GC heap after
{Heap after GC invocations=9 (full 0):
 garbage-first heap   total 131072K, used 26743K [0x0000000080000000, 0x0000000100000000)
  region size 1024K, 8 young (8192K), 8 survivors (8192K)
 Metaspace       used 39110K, capacity 40013K, committed 40268K, reserved 1083392K
  class space    used 5011K, capacity 5351K, committed 5452K, reserved 1048576K
}
Event: 8.433 GC heap before
{Heap before GC invocations=9 (full 0):
 garbage-first heap   total 131072K, used 84087K [0x0000000080000000, 0x0000000100000000)
  region size 1024K, 63 young (64512K), 8 survivors (8192K)
 Metaspace       used 44327K, capacity 45304K, committed 45516K, reserved 1089536K
  class space    used 5685K, capacity 6058K, committed 6092K, reserved 1048576K
}
Event: 8.443 GC heap after
{Heap after GC invocations=10 (full 0):
 garbage-first heap   total 131072K, used 29036K [0x0000000080000000, 0x0000000100000000)
  region size 1024K, 3 young (3072K), 3 survivors (3072K)
 Metaspace       used 44327K, capacity 45304K, committed 45516K, reserved 1089536K
  class space    used 5685K, capacity 6058K, committed 6092K, reserved 1048576K
}
Event: 9.576 GC heap before
{Heap before GC invocations=10 (full 0):
 garbage-first heap   total 131072K, used 86380K [0x0000000080000000, 0x0000000100000000)
  region size 1024K, 60 young (61440K), 3 survivors (3072K)
 Metaspace       used 47524K, capacity 48732K, committed 48844K, reserved 1091584K
  class space    used 6094K, capacity 6562K, committed 6604K, reserved 1048576K
}
Event: 9.582 GC heap after
{Heap after GC invocations=11 (full 0):
 garbage-first heap   total 157696K, used 30751K [0x0000000080000000, 0x0000000100000000)
  region size 1024K, 5 young (5120K), 5 survivors (5120K)
 Metaspace       used 47524K, capacity 48732K, committed 48844K, reserved 1091584K
  class space    used 6094K, capacity 6562K, committed 6604K, reserved 1048576K
}
Event: 10.644 GC heap before
{Heap before GC invocations=11 (full 0):
 garbage-first heap   total 157696K, used 105503K [0x0000000080000000, 0x0000000100000000)
  region size 1024K, 74 young (75776K), 5 survivors (5120K)
 Metaspace       used 54287K, capacity 55655K, committed 55884K, reserved 1097728K
  class space    used 6936K, capacity 7446K, committed 7500K, reserved 1048576K
}
Event: 10.652 GC heap after
{Heap after GC invocations=12 (full 0):
 garbage-first heap   total 157696K, used 43983K [0x0000000080000000, 0x0000000100000000)
  region size 1024K, 10 young (10240K), 10 survivors (10240K)
 Metaspace       used 54287K, capacity 55655K, committed 55884K, reserved 1097728K
  class space    used 6936K, capacity 7446K, committed 7500K, reserved 1048576K
}
Event: 11.078 GC heap before
{Heap before GC invocations=12 (full 0):
 garbage-first heap   total 157696K, used 71631K [0x0000000080000000, 0x0000000100000000)
  region size 1024K, 38 young (38912K), 10 survivors (10240K)
 Metaspace       used 58805K, capacity 60184K, committed 60236K, reserved 1101824K
  class space    used 7442K, capacity 7971K, committed 8012K, reserved 1048576K
}
Event: 11.093 GC heap after
{Heap after GC invocations=13 (full 0):
 garbage-first heap   total 157696K, used 45387K [0x0000000080000000, 0x0000000100000000)
  region size 1024K, 2 young (2048K), 2 survivors (2048K)
 Metaspace       used 58805K, capacity 60184K, committed 60236K, reserved 1101824K
  class space    used 7442K, capacity 7971K, committed 8012K, reserved 1048576K
}

Deoptimization events (20 events):
Event: 10.190 Thread 0x0000023503255000 Uncommon trap: trap_request=0xffffff4d fr.pc=0x00000235701d7074 relative=0x0000000000000054
Event: 10.190 Thread 0x0000023503255000 Uncommon trap: reason=unstable_if action=reinterpret pc=0x00000235701d7074 method=java.util.regex.Pattern.has(I)Z @ 6 c2
Event: 10.190 Thread 0x0000023503255000 DEOPT PACKING pc=0x00000235701d7074 sp=0x000000b50aff63c0
Event: 10.190 Thread 0x0000023503255000 DEOPT UNPACKING pc=0x00000235686b662f sp=0x000000b50aff6350 mode 2
Event: 10.217 Thread 0x0000023503255000 Uncommon trap: trap_request=0xffffff45 fr.pc=0x000002357032ce04 relative=0x0000000000000d64
Event: 10.217 Thread 0x0000023503255000 Uncommon trap: reason=unstable_fused_if action=reinterpret pc=0x000002357032ce04 method=org.objectweb.asm.ByteVector.putUTF8(Ljava/lang/String;)Lorg/objectweb/asm/ByteVector; @ 93 c2
Event: 10.217 Thread 0x0000023503255000 DEOPT PACKING pc=0x000002357032ce04 sp=0x000000b50aff7e70
Event: 10.217 Thread 0x0000023503255000 DEOPT UNPACKING pc=0x00000235686b662f sp=0x000000b50aff7dc8 mode 2
Event: 10.217 Thread 0x0000023503255000 Uncommon trap: trap_request=0xffffff4d fr.pc=0x00000235703c1e70 relative=0x0000000000005a70
Event: 10.217 Thread 0x0000023503255000 Uncommon trap: reason=unstable_if action=reinterpret pc=0x00000235703c1e70 method=org.objectweb.asm.Frame.execute(IILorg/objectweb/asm/Symbol;Lorg/objectweb/asm/SymbolTable;)V @ 1 c2
Event: 10.218 Thread 0x0000023503255000 DEOPT PACKING pc=0x00000235703c1e70 sp=0x000000b50aff8060
Event: 10.218 Thread 0x0000023503255000 DEOPT UNPACKING pc=0x00000235686b662f sp=0x000000b50aff8008 mode 2
Event: 10.260 Thread 0x0000023503255000 Uncommon trap: trap_request=0xffffff45 fr.pc=0x000002357028336c relative=0x000000000000020c
Event: 10.260 Thread 0x0000023503255000 Uncommon trap: reason=unstable_fused_if action=reinterpret pc=0x000002357028336c method=org.objectweb.asm.ByteVector.putUTF8(Ljava/lang/String;)Lorg/objectweb/asm/ByteVector; @ 93 c2
Event: 10.260 Thread 0x0000023503255000 DEOPT PACKING pc=0x000002357028336c sp=0x000000b50aff81a0
Event: 10.260 Thread 0x0000023503255000 DEOPT UNPACKING pc=0x00000235686b662f sp=0x000000b50aff8120 mode 2
Event: 11.104 Thread 0x0000023503255000 Uncommon trap: trap_request=0xffffff7e fr.pc=0x000002357034cd48 relative=0x00000000000049e8
Event: 11.105 Thread 0x0000023503255000 Uncommon trap: reason=predicate action=maybe_recompile pc=0x000002357034cd48 method=java.util.Arrays.binarySearch0([Ljava/lang/Object;IILjava/lang/Object;Ljava/util/Comparator;)I @ 25 c2
Event: 11.105 Thread 0x0000023503255000 DEOPT PACKING pc=0x000002357034cd48 sp=0x000000b50aff36a0
Event: 11.105 Thread 0x0000023503255000 DEOPT UNPACKING pc=0x00000235686b662f sp=0x000000b50aff3718 mode 2

Classes redefined (0 events):
No events

Internal exceptions (20 events):
Event: 9.981 Thread 0x0000023503252800 Exception <a 'java/lang/NoSuchMethodError'{0x0000000088086080}: <clinit>> (0x0000000088086080) thrown at [./src/hotspot/share/prims/jni.cpp, line 1362]
Event: 9.987 Thread 0x0000023503252800 Exception <a 'java/lang/NoSuchMethodError'{0x00000000880a41d8}: <clinit>> (0x00000000880a41d8) thrown at [./src/hotspot/share/prims/jni.cpp, line 1362]
Event: 9.987 Thread 0x0000023503252800 Exception <a 'java/lang/NoSuchMethodError'{0x00000000880a52e8}: <clinit>> (0x00000000880a52e8) thrown at [./src/hotspot/share/prims/jni.cpp, line 1362]
Event: 9.987 Thread 0x0000023503252800 Exception <a 'java/lang/NoSuchMethodError'{0x00000000880a6860}: <clinit>> (0x00000000880a6860) thrown at [./src/hotspot/share/prims/jni.cpp, line 1362]
Event: 9.987 Thread 0x0000023503252800 Exception <a 'java/lang/NoSuchMethodError'{0x00000000880a7880}: <clinit>> (0x00000000880a7880) thrown at [./src/hotspot/share/prims/jni.cpp, line 1362]
Event: 9.989 Thread 0x0000023503252800 Exception <a 'java/lang/NoSuchMethodError'{0x00000000880ba240}: <clinit>> (0x00000000880ba240) thrown at [./src/hotspot/share/prims/jni.cpp, line 1362]
Event: 9.993 Thread 0x0000023503252800 Exception <a 'java/lang/NoSuchMethodError'{0x00000000880c49e8}: <clinit>> (0x00000000880c49e8) thrown at [./src/hotspot/share/prims/jni.cpp, line 1362]
Event: 9.998 Thread 0x0000023503252800 Exception <a 'java/lang/NoSuchMethodError'{0x00000000880d8a38}: <clinit>> (0x00000000880d8a38) thrown at [./src/hotspot/share/prims/jni.cpp, line 1362]
Event: 10.012 Thread 0x0000023503255000 Exception <a 'java/lang/ClassNotFoundException'{0x0000000087f54508}: build_6daaba00nvujyb5nt4hkvzjnwBeanInfo> (0x0000000087f54508) thrown at [./src/hotspot/share/classfile/systemDictionary.cpp, line 231]
Event: 10.013 Thread 0x0000023503255000 Exception <a 'java/lang/ClassNotFoundException'{0x0000000087f5f4c0}: build_6daaba00nvujyb5nt4hkvzjnwCustomizer> (0x0000000087f5f4c0) thrown at [./src/hotspot/share/classfile/systemDictionary.cpp, line 231]
Event: 10.060 Thread 0x0000023503255000 Exception <a 'java/lang/ClassNotFoundException'{0x0000000087ee2da8}: org/gradle/api/internal/plugins/DefaultObjectConfigurationActionBeanInfo> (0x0000000087ee2da8) thrown at [./src/hotspot/share/classfile/systemDictionary.cpp, line 231]
Event: 10.062 Thread 0x0000023503255000 Exception <a 'java/lang/ClassNotFoundException'{0x0000000087d18398}: org/gradle/api/internal/plugins/DefaultObjectConfigurationActionCustomizer> (0x0000000087d18398) thrown at [./src/hotspot/share/classfile/systemDictionary.cpp, line 231]
Event: 10.205 Thread 0x0000023503255000 Exception <a 'java/lang/NoSuchMethodError'{0x000000008735eed8}: 'java.lang.Object java.lang.invoke.DirectMethodHandle$Holder.invokeStatic(java.lang.Object, java.lang.Object, java.lang.Object, java.lang.Object, int)'> (0x000000008735eed8) thrown at [./src/hotspot/share/interpreter/linkResolver.cpp, line 773]
Event: 10.205 Thread 0x0000023503255000 Exception <a 'java/lang/NoSuchMethodError'{0x00000000873638d0}: 'java.lang.Object java.lang.invoke.DirectMethodHandle$Holder.invokeSpecial(java.lang.Object, java.lang.Object, java.lang.Object, java.lang.Object, java.lang.Object, int)'> (0x00000000873638d0) thrown at [./src/hotspot/share/interpreter/linkResolver.cpp, line 773]
Event: 10.205 Thread 0x0000023503255000 Exception <a 'java/lang/NoSuchMethodError'{0x0000000087367f10}: 'java.lang.Object java.lang.invoke.Invokers$Holder.linkToTargetMethod(java.lang.Object, java.lang.Object, java.lang.Object, int, java.lang.Object)'> (0x0000000087367f10) thrown at [./src/hotspot/share/interpreter/linkResolver.cpp, line 773]
Event: 10.446 Thread 0x0000023503255000 Exception <a 'java/lang/NoSuchMethodError'{0x0000000086446378}: 'java.lang.Object java.lang.invoke.DirectMethodHandle$Holder.invokeSpecial(java.lang.Object, java.lang.Object, int, int, java.lang.Object, java.lang.Object, java.lang.Object)'> (0x0000000086446378) thrown at [./src/hotspot/share/interpreter/linkResolver.cpp, line 773]
Event: 10.446 Thread 0x0000023503255000 Exception <a 'java/lang/NoSuchMethodError'{0x000000008644a8f8}: 'java.lang.Object java.lang.invoke.DelegatingMethodHandle$Holder.reinvoke_L(java.lang.Object, int, int, java.lang.Object, java.lang.Object, java.lang.Object)'> (0x000000008644a8f8) thrown at [./src/hotspot/share/interpreter/linkResolver.cpp, line 773]
Event: 10.608 Thread 0x0000023503255000 Exception <a 'java/lang/NoSuchMethodError'{0x00000000858ab128}: 'int java.lang.invoke.DirectMethodHandle$Holder.invokeInterface(java.lang.Object, java.lang.Object, java.lang.Object, java.lang.Object)'> (0x00000000858ab128) thrown at [./src/hotspot/share/interpreter/linkResolver.cpp, line 773]
Event: 10.933 Thread 0x0000023503255000 Exception <a 'java/lang/NoSuchMethodError'{0x000000008865bf98}: 'void java.lang.invoke.DirectMethodHandle$Holder.invokeInterface(java.lang.Object, java.lang.Object, java.lang.Object, java.lang.Object)'> (0x000000008865bf98) thrown at [./src/hotspot/share/interpreter/linkResolver.cpp, line 773]
Event: 11.094 Thread 0x0000023503255000 Exception <a 'java/lang/IncompatibleClassChangeError'{0x0000000089903638}: Found class java.lang.Object, but interface was expected> (0x0000000089903638) thrown at [./src/hotspot/share/interpreter/linkResolver.cpp, line 839]

Events (20 events):
Event: 11.950 loading class org/gradle/launcher/daemon/server/health/DaemonMemoryStatus$3
Event: 11.950 loading class org/gradle/launcher/daemon/server/health/DaemonMemoryStatus$3 done
Event: 11.951 loading class org/gradle/launcher/daemon/server/health/DaemonMemoryStatus$1
Event: 11.951 loading class org/gradle/launcher/daemon/server/health/DaemonMemoryStatus$1 done
Event: 11.951 loading class org/gradle/launcher/daemon/server/health/DaemonMemoryStatus$2
Event: 11.951 loading class org/gradle/launcher/daemon/server/health/DaemonMemoryStatus$2 done
Event: 11.951 loading class org/gradle/launcher/daemon/server/CompatibleDaemonExpirationStrategy$1
Event: 11.951 loading class org/gradle/launcher/daemon/server/CompatibleDaemonExpirationStrategy$1 done
Event: 11.951 loading class org/gradle/launcher/daemon/registry/PersistentDaemonRegistry$1
Event: 11.951 loading class org/gradle/launcher/daemon/registry/PersistentDaemonRegistry$1 done
Event: 11.951 loading class org/gradle/cache/internal/SimpleStateCache$1
Event: 11.951 loading class org/gradle/cache/internal/SimpleStateCache$1 done
Event: 11.958 loading class org/gradle/launcher/daemon/server/DaemonRegistryUnavailableExpirationStrategy$1
Event: 11.958 loading class org/gradle/launcher/daemon/server/DaemonRegistryUnavailableExpirationStrategy$1 done
Event: 11.959 loading class com/google/common/collect/Lists$TransformingSequentialList
Event: 11.959 loading class com/google/common/collect/Lists$TransformingSequentialList done
Event: 11.959 loading class com/google/common/collect/Lists$TransformingSequentialList$1
Event: 11.959 loading class com/google/common/collect/Lists$TransformingSequentialList$1 done
Event: 11.959 loading class com/google/common/collect/TransformedListIterator
Event: 11.959 loading class com/google/common/collect/TransformedListIterator done


Dynamic libraries:
0x00007ff615a40000 - 0x00007ff615a4a000 	D:\Android Studio\jre\bin\java.exe
0x00007ff8b51f0000 - 0x00007ff8b53e5000 	C:\WINDOWS\SYSTEM32\ntdll.dll
0x00007ff8b41c0000 - 0x00007ff8b427e000 	C:\WINDOWS\System32\KERNEL32.DLL
0x00007ff8b2dc0000 - 0x00007ff8b3088000 	C:\WINDOWS\System32\KERNELBASE.dll
0x00007ff8b3140000 - 0x00007ff8b3240000 	C:\WINDOWS\System32\ucrtbase.dll
0x00007ff8a1090000 - 0x00007ff8a10a9000 	D:\Android Studio\jre\bin\jli.dll
0x00007ff8932f0000 - 0x00007ff893307000 	D:\Android Studio\jre\bin\VCRUNTIME140.dll
0x00007ff8b4280000 - 0x00007ff8b4420000 	C:\WINDOWS\System32\USER32.dll
0x00007ff8b2950000 - 0x00007ff8b2972000 	C:\WINDOWS\System32\win32u.dll
0x00007ff8a8410000 - 0x00007ff8a86aa000 	C:\WINDOWS\WinSxS\amd64_microsoft.windows.common-controls_6595b64144ccf1df_6.0.19041.1110_none_60b5254171f9507e\COMCTL32.dll
0x00007ff8b3df0000 - 0x00007ff8b3e1b000 	C:\WINDOWS\System32\GDI32.dll
0x00007ff8b3f90000 - 0x00007ff8b402e000 	C:\WINDOWS\System32\msvcrt.dll
0x00007ff8b2ab0000 - 0x00007ff8b2bbd000 	C:\WINDOWS\System32\gdi32full.dll
0x00007ff8b2a10000 - 0x00007ff8b2aad000 	C:\WINDOWS\System32\msvcp_win.dll
0x00007ff8b4570000 - 0x00007ff8b45a0000 	C:\WINDOWS\System32\IMM32.DLL
0x00007ff87e460000 - 0x00007ff87e4fd000 	D:\Android Studio\jre\bin\msvcp140.dll
0x00007ff873370000 - 0x00007ff873e45000 	D:\Android Studio\jre\bin\server\jvm.dll
0x00007ff8b3450000 - 0x00007ff8b34fe000 	C:\WINDOWS\System32\ADVAPI32.dll
0x00007ff8b4860000 - 0x00007ff8b48fc000 	C:\WINDOWS\System32\sechost.dll
0x00007ff8b4730000 - 0x00007ff8b4855000 	C:\WINDOWS\System32\RPCRT4.dll
0x00007ff8b38f0000 - 0x00007ff8b38f8000 	C:\WINDOWS\System32\PSAPI.DLL
0x00007ff8afea0000 - 0x00007ff8afea9000 	C:\WINDOWS\SYSTEM32\WSOCK32.dll
0x00007ff8ac780000 - 0x00007ff8ac78a000 	C:\WINDOWS\SYSTEM32\VERSION.dll
0x00007ff8a8920000 - 0x00007ff8a8947000 	C:\WINDOWS\SYSTEM32\WINMM.dll
0x00007ff8b46c0000 - 0x00007ff8b472b000 	C:\WINDOWS\System32\WS2_32.dll
0x00007ff8b13f0000 - 0x00007ff8b1402000 	C:\WINDOWS\SYSTEM32\kernel.appcore.dll
0x00007ff8af040000 - 0x00007ff8af051000 	D:\Android Studio\jre\bin\verify.dll
0x00007ff89eca0000 - 0x00007ff89ee84000 	C:\WINDOWS\SYSTEM32\DBGHELP.DLL
0x00007ff89e930000 - 0x00007ff89e95c000 	C:\WINDOWS\SYSTEM32\dbgcore.DLL
0x00007ff8b2980000 - 0x00007ff8b2a02000 	C:\WINDOWS\System32\bcryptPrimitives.dll
0x00007ff8af010000 - 0x00007ff8af039000 	D:\Android Studio\jre\bin\java.dll
0x00007ff8aef90000 - 0x00007ff8aef9b000 	D:\Android Studio\jre\bin\jimage.dll
0x00007ff8aef50000 - 0x00007ff8aef68000 	D:\Android Studio\jre\bin\zip.dll
0x00007ff8b49b0000 - 0x00007ff8b50f4000 	C:\WINDOWS\System32\SHELL32.dll
0x00007ff8b07c0000 - 0x00007ff8b0f54000 	C:\WINDOWS\SYSTEM32\windows.storage.dll
0x00007ff8b3500000 - 0x00007ff8b3855000 	C:\WINDOWS\System32\combase.dll
0x00007ff8b2280000 - 0x00007ff8b22ae000 	C:\WINDOWS\SYSTEM32\Wldp.dll
0x00007ff8b5100000 - 0x00007ff8b51ad000 	C:\WINDOWS\System32\SHCORE.dll
0x00007ff8b3900000 - 0x00007ff8b3955000 	C:\WINDOWS\System32\shlwapi.dll
0x00007ff8b2840000 - 0x00007ff8b285f000 	C:\WINDOWS\SYSTEM32\profapi.dll
0x00007ff8abc90000 - 0x00007ff8abcaa000 	D:\Android Studio\jre\bin\net.dll
0x00007ff8a8db0000 - 0x00007ff8a8ebc000 	C:\WINDOWS\SYSTEM32\WINHTTP.dll
0x00007ff8b1fe0000 - 0x00007ff8b204a000 	C:\WINDOWS\system32\mswsock.dll
0x00007ff8aaf50000 - 0x00007ff8aaf64000 	D:\Android Studio\jre\bin\nio.dll
0x00007ff89cd40000 - 0x00007ff89cd67000 	C:\Users\ASUS\.gradle\native\e1d6ef7f7dcc3fd88c89a11ec53ec762bb8ba0a96d01ffa2cd45eb1d1d8dd5c5\windows-amd64\native-platform.dll
0x00007ff87a140000 - 0x00007ff87a284000 	C:\Users\ASUS\.gradle\native\5664cfc778a61ccfe75a443a1ab52a65af34e5dc3c78e0209fed803814484fcb\windows-amd64\native-platform-file-events.dll
0x00007ff8ade50000 - 0x00007ff8ade5a000 	D:\Android Studio\jre\bin\management.dll
0x00007ff8ad3e0000 - 0x00007ff8ad3ed000 	D:\Android Studio\jre\bin\management_ext.dll
0x00007ff8b21d0000 - 0x00007ff8b21e8000 	C:\WINDOWS\SYSTEM32\CRYPTSP.dll
0x00007ff8b1960000 - 0x00007ff8b1994000 	C:\WINDOWS\system32\rsaenh.dll
0x00007ff8b2d90000 - 0x00007ff8b2db7000 	C:\WINDOWS\System32\bcrypt.dll
0x00007ff8b2800000 - 0x00007ff8b282e000 	C:\WINDOWS\SYSTEM32\USERENV.dll
0x00007ff8b21f0000 - 0x00007ff8b21fc000 	C:\WINDOWS\SYSTEM32\CRYPTBASE.dll
0x00007ff8b1cd0000 - 0x00007ff8b1d0b000 	C:\WINDOWS\SYSTEM32\IPHLPAPI.DLL
0x00007ff8b3de0000 - 0x00007ff8b3de8000 	C:\WINDOWS\System32\NSI.dll
0x00007ff8abba0000 - 0x00007ff8abbb7000 	C:\WINDOWS\SYSTEM32\dhcpcsvc6.DLL
0x00007ff8ab900000 - 0x00007ff8ab91d000 	C:\WINDOWS\SYSTEM32\dhcpcsvc.DLL
0x00007ff8b1d10000 - 0x00007ff8b1ddb000 	C:\WINDOWS\SYSTEM32\DNSAPI.dll

dbghelp: loaded successfully - version: 4.0.5 - missing functions: none
symbol engine: initialized successfully - sym options: 0x614 - pdb path: .;D:\Android Studio\jre\bin;C:\WINDOWS\SYSTEM32;C:\WINDOWS\WinSxS\amd64_microsoft.windows.common-controls_6595b64144ccf1df_6.0.19041.1110_none_60b5254171f9507e;D:\Android Studio\jre\bin\server;C:\Users\ASUS\.gradle\native\e1d6ef7f7dcc3fd88c89a11ec53ec762bb8ba0a96d01ffa2cd45eb1d1d8dd5c5\windows-amd64;C:\Users\ASUS\.gradle\native\5664cfc778a61ccfe75a443a1ab52a65af34e5dc3c78e0209fed803814484fcb\windows-amd64

VM Arguments:
jvm_args: --add-opens=java.base/java.util=ALL-UNNAMED --add-opens=java.base/java.lang=ALL-UNNAMED --add-opens=java.base/java.lang.invoke=ALL-UNNAMED --add-opens=java.base/java.util=ALL-UNNAMED --add-opens=java.prefs/java.util.prefs=ALL-UNNAMED --add-opens=java.prefs/java.util.prefs=ALL-UNNAMED --add-opens=java.base/java.nio.charset=ALL-UNNAMED --add-opens=java.base/java.net=ALL-UNNAMED --add-opens=java.base/java.util.concurrent.atomic=ALL-UNNAMED -Xmx2048m -Dfile.encoding=UTF-8 -Duser.country=US -Duser.language=en -Duser.variant 
java_command: org.gradle.launcher.daemon.bootstrap.GradleDaemon 7.2
java_class_path (initial): C:\Users\ASUS\.gradle\wrapper\dists\gradle-7.2-bin\2dnblmf4td7x66yl1d74lt32g\gradle-7.2\lib\gradle-launcher-7.2.jar
Launcher Type: SUN_STANDARD

[Global flags]
     intx CICompilerCount                          = 4                                         {product} {ergonomic}
     uint ConcGCThreads                            = 2                                         {product} {ergonomic}
     uint G1ConcRefinementThreads                  = 8                                         {product} {ergonomic}
   size_t G1HeapRegionSize                         = 1048576                                   {product} {ergonomic}
    uintx GCDrainStackTargetSize                   = 64                                        {product} {ergonomic}
   size_t InitialHeapSize                          = 134217728                                 {product} {ergonomic}
   size_t MarkStackSize                            = 4194304                                   {product} {ergonomic}
   size_t MaxHeapSize                              = 2147483648                                {product} {command line}
   size_t MaxNewSize                               = 1287651328                                {product} {ergonomic}
   size_t MinHeapDeltaBytes                        = 1048576                                   {product} {ergonomic}
    uintx NonNMethodCodeHeapSize                   = 5836300                                {pd product} {ergonomic}
    uintx NonProfiledCodeHeapSize                  = 122910970                              {pd product} {ergonomic}
    uintx ProfiledCodeHeapSize                     = 122910970                              {pd product} {ergonomic}
    uintx ReservedCodeCacheSize                    = 251658240                              {pd product} {ergonomic}
     bool SegmentedCodeCache                       = true                                      {product} {ergonomic}
     bool UseCompressedClassPointers               = true                                 {lp64_product} {ergonomic}
     bool UseCompressedOops                        = true                                 {lp64_product} {ergonomic}
     bool UseG1GC                                  = true                                      {product} {ergonomic}
     bool UseLargePagesIndividualAllocation        = false                                  {pd product} {ergonomic}

Logging:
Log output configuration:
 #0: stdout all=warning uptime,level,tags
 #1: stderr all=off uptime,level,tags

Environment Variables:
PATH=C:\Program Files (x86)\Common Files\Oracle\Java\javapath;C:\WINDOWS\system32;C:\WINDOWS;C:\WINDOWS\System32\Wbem;C:\WINDOWS\System32\WindowsPowerShell\v1.0\;C:\WINDOWS\System32\OpenSSH\;C:\Program Files (x86)\NVIDIA Corporation\PhysX\Common;C:\Program Files\NVIDIA Corporation\NVIDIA NvDLISR;C:\Program Files\MATLAB\R2018a\runtime\win64;C:\Program Files\MATLAB\R2018a\bin;C:\Program Files\Git\cmd;C:\Program Files\Microchip\xc8\v2.31\bin;C:\WINDOWS\system32;C:\WINDOWS;C:\WINDOWS\System32\Wbem;C:\WINDOWS\System32\WindowsPowerShell\v1.0\;C:\WINDOWS\System32\OpenSSH\;C:\Program Files (x86)\Bitvise SSH Client;C:\Users\ASUS\AppData\Local\Microsoft\WindowsApps;
USERNAME=Syahrul Maghrisya
OS=Windows_NT
PROCESSOR_IDENTIFIER=Intel64 Family 6 Model 158 Stepping 9, GenuineIntel



---------------  S Y S T E M  ---------------

OS: Windows 10 , 64 bit Build 19041 (10.0.19041.1503)
OS uptime: 0 days 3:58 hours

CPU:total 8 (initial active 8) (4 cores per cpu, 2 threads per core) family 6 model 158 stepping 9 microcode 0xb4, cmov, cx8, fxsr, mmx, sse, sse2, sse3, ssse3, sse4.1, sse4.2, popcnt, avx, avx2, aes, clmul, erms, 3dnowpref, lzcnt, ht, tsc, tscinvbit, bmi1, bmi2, adx, fma

Memory: 4k page, system-wide physical 8076M (2596M free)
TotalPageFile size 13452M (AvailPageFile size 5865M)
current process WorkingSet (physical memory assigned to process): 355M, peak: 368M
current process commit charge ("private bytes"): 396M, peak: 408M

vm_info: OpenJDK 64-Bit Server VM (11.0.11+9-b60-7590822) for windows-amd64 JRE (11.0.11+9-b60-7590822), built on Jul 29 2021 21:43:44 by "builder" with MS VC++ 14.0 (VS2015)

END.
